[16.02.2025 - 06:33:14] Запуск Telegram-бота с TOKEN='7902542664:AAHoujbcWv6zmcXmM0KgSWTEim1FLBVSf2g' на правах - 'ADMIN'
[16.02.2025 - 06:33:22] Команда '/start' от (@Kkleytt) [Фёдор Корниецкий]
[16.02.2025 - 06:33:24] Запрос 'menu' от @Kkleytt [Фёдор Корниецкий]
[16.02.2025 - 06:33:26] Запрос 'airtime' от @Kkleytt [Фёдор Корниецкий]
[16.02.2025 - 06:34:47] ❌ Бот прекратил свою работу
[16.02.2025 - 06:34:54] Запуск Telegram-бота с TOKEN='7902542664:AAHoujbcWv6zmcXmM0KgSWTEim1FLBVSf2g' на правах - 'ADMIN'
[16.02.2025 - 06:35:07] Команда '/start' от (@Kkleytt) [Фёдор Корниецкий]
[16.02.2025 - 06:35:10] Запрос 'menu' от @Kkleytt [Фёдор Корниецкий]
[16.02.2025 - 06:35:11] Запрос 'airtime' от @Kkleytt [Фёдор Корниецкий]
[16.02.2025 - 06:35:32] ❌ Бот прекратил свою работу
[16.02.2025 - 06:35:40] Запуск Telegram-бота с TOKEN='7902542664:AAHoujbcWv6zmcXmM0KgSWTEim1FLBVSf2g' на правах - 'ADMIN'
[16.02.2025 - 06:35:42] Команда '/start' от (@Kkleytt) [Фёдор Корниецкий]
[16.02.2025 - 06:35:43] Запрос 'menu' от @Kkleytt [Фёдор Корниецкий]
[16.02.2025 - 06:35:44] Запрос 'airtime' от @Kkleytt [Фёдор Корниецкий]
[16.02.2025 - 06:35:46] Запрос 'airtime_divepool' от @Kkleytt [Фёдор Корниецкий]
[16.02.2025 - 06:35:47] Запрос 'airtime' от @Kkleytt [Фёдор Корниецкий]
[16.02.2025 - 06:35:53] Запрос 'airtime_divepool' от @Kkleytt [Фёдор Корниецкий]
[16.02.2025 - 06:35:55] Запрос 'airtime' от @Kkleytt [Фёдор Корниецкий]
[16.02.2025 - 06:50:40] ⚠️ Производится ping БД
[16.02.2025 - 06:50:40] ✅ Сервер MySQL доступен по адресу: 46.160.250.162:3306
[16.02.2025 - 06:54:41] ❌ Бот прекратил свою работу
[16.02.2025 - 07:21:04] Запуск Telegram-бота с TOKEN='7459892354:AAG8x-lEUegNxniiAjGsR6J2N41D7WJaAXo' на правах - 'ADMIN'
[16.02.2025 - 07:21:11] Команда '/start' от (@Kkleytt) [Фёдор Корниецкий]
[16.02.2025 - 07:21:13] Запрос 'menu' от @Kkleytt [Фёдор Корниецкий]
[16.02.2025 - 07:22:47] ❌ Бот прекратил свою работу
[16.02.2025 - 07:22:53] Запуск Telegram-бота с TOKEN='7459892354:AAG8x-lEUegNxniiAjGsR6J2N41D7WJaAXo' на правах - 'ADMIN'
[16.02.2025 - 07:22:58] Команда '/start' от (@Kkleytt) [Фёдор Корниецкий]
[16.02.2025 - 07:23:00] Запрос 'menu' от @Kkleytt [Фёдор Корниецкий]
[16.02.2025 - 07:24:51] ❌ Бот прекратил свою работу
[16.02.2025 - 07:24:57] Запуск Telegram-бота с TOKEN='7459892354:AAG8x-lEUegNxniiAjGsR6J2N41D7WJaAXo' на правах - 'ADMIN'
[16.02.2025 - 07:25:05] Команда '/start' от (@Kkleytt) [Фёдор Корниецкий]
[16.02.2025 - 07:25:07] Запрос 'menu' от @Kkleytt [Фёдор Корниецкий]
[16.02.2025 - 07:25:08] Запрос 'airtime' от @Kkleytt [Фёдор Корниецкий]
[16.02.2025 - 07:25:09] Запрос 'airtime_divepool' от @Kkleytt [Фёдор Корниецкий]
[16.02.2025 - 07:25:11] Запрос 'airtime_divepool_two' от @Kkleytt [Фёдор Корниецкий]
[16.02.2025 - 07:25:15] Запрос 'airtime' от @Kkleytt [Фёдор Корниецкий]
[16.02.2025 - 07:25:18] Запрос 'airtime_first' от @Kkleytt [Фёдор Корниецкий]
[16.02.2025 - 07:25:19] Запрос 'airtime' от @Kkleytt [Фёдор Корниецкий]
[16.02.2025 - 07:25:20] Запрос 'airtime_test' от @Kkleytt [Фёдор Корниецкий]
[16.02.2025 - 07:25:21] Запрос 'airtime' от @Kkleytt [Фёдор Корниецкий]
[16.02.2025 - 07:25:23] Запрос 'airtime_ga4' от @Kkleytt [Фёдор Корниецкий]
[16.02.2025 - 07:25:25] Запрос 'airtime_apps' от @Kkleytt [Фёдор Корниецкий]
[16.02.2025 - 07:25:26] Запрос 'airtime' от @Kkleytt [Фёдор Корниецкий]
[16.02.2025 - 07:25:27] Запрос 'airtime_equipment' от @Kkleytt [Фёдор Корниецкий]
[16.02.2025 - 07:25:29] Запрос 'airtime_buy' от @Kkleytt [Фёдор Корниецкий]
[16.02.2025 - 07:25:31] Запрос 'airtime' от @Kkleytt [Фёдор Корниецкий]
[16.02.2025 - 07:25:35] Запрос 'airtime_locations' от @Kkleytt [Фёдор Корниецкий]
[16.02.2025 - 07:26:42] Запрос 'airtime_apps' от @Kkleytt [Фёдор Корниецкий]
[16.02.2025 - 07:26:43] Запрос 'airtime' от @Kkleytt [Фёдор Корниецкий]
[16.02.2025 - 07:26:46] Запрос 'airtime_equipment' от @Kkleytt [Фёдор Корниецкий]
[16.02.2025 - 07:26:49] Запрос 'airtime_buy' от @Kkleytt [Фёдор Корниецкий]
[16.02.2025 - 07:26:51] Запрос 'airtime' от @Kkleytt [Фёдор Корниецкий]
[16.02.2025 - 07:26:52] Запрос 'airtime_locations' от @Kkleytt [Фёдор Корниецкий]
[16.02.2025 - 07:26:55] Запрос 'airtime_test' от @Kkleytt [Фёдор Корниецкий]
[16.02.2025 - 07:26:57] Запрос 'airtime' от @Kkleytt [Фёдор Корниецкий]
[16.02.2025 - 07:27:04] Запрос 'airtime_equipment' от @Kkleytt [Фёдор Корниецкий]
[16.02.2025 - 07:28:20] ❌ Бот прекратил свою работу
[16.02.2025 - 07:28:27] Запуск Telegram-бота с TOKEN='7459892354:AAG8x-lEUegNxniiAjGsR6J2N41D7WJaAXo' на правах - 'ADMIN'
[16.02.2025 - 07:28:28] Команда '/start' от (@Kkleytt) [Фёдор Корниецкий]
[16.02.2025 - 07:28:30] Запрос 'menu' от @Kkleytt [Фёдор Корниецкий]
[16.02.2025 - 07:28:31] Запрос 'airtime' от @Kkleytt [Фёдор Корниецкий]
[16.02.2025 - 07:28:32] Запрос 'airtime_divepool' от @Kkleytt [Фёдор Корниецкий]
[16.02.2025 - 07:28:33] Запрос 'airtime_divepool_two' от @Kkleytt [Фёдор Корниецкий]
[16.02.2025 - 07:28:34] Запрос 'airtime_divepool_double' от @Kkleytt [Фёдор Корниецкий]
[16.02.2025 - 07:28:35] Запрос 'airtime_divepool_four_0' от @Kkleytt [Фёдор Корниецкий]
[16.02.2025 - 07:28:41] Запрос 'airtime_divepool_eight' от @Kkleytt [Фёдор Корниецкий]
[16.02.2025 - 07:28:44] Запрос 'airtime_divepool_double' от @Kkleytt [Фёдор Корниецкий]
[16.02.2025 - 07:28:44] Запрос 'airtime' от @Kkleytt [Фёдор Корниецкий]
[16.02.2025 - 07:28:46] Запрос 'airtime_ga4' от @Kkleytt [Фёдор Корниецкий]
[16.02.2025 - 07:28:48] Запрос 'airtime_double' от @Kkleytt [Фёдор Корниецкий]
[16.02.2025 - 07:28:49] Запрос 'airtime_test' от @Kkleytt [Фёдор Корниецкий]
[16.02.2025 - 07:28:50] Запрос 'airtime' от @Kkleytt [Фёдор Корниецкий]
[16.02.2025 - 07:28:51] Запрос 'airtime_first' от @Kkleytt [Фёдор Корниецкий]
[16.02.2025 - 07:28:52] Запрос 'airtime' от @Kkleytt [Фёдор Корниецкий]
[16.02.2025 - 07:28:53] Запрос 'airtime_apps' от @Kkleytt [Фёдор Корниецкий]
[16.02.2025 - 07:28:54] Запрос 'airtime' от @Kkleytt [Фёдор Корниецкий]
[16.02.2025 - 07:28:55] Запрос 'airtime_equipment' от @Kkleytt [Фёдор Корниецкий]
[16.02.2025 - 07:28:58] Запрос 'airtime_double' от @Kkleytt [Фёдор Корниецкий]
[16.02.2025 - 07:28:59] Запрос 'airtime_buy' от @Kkleytt [Фёдор Корниецкий]
[16.02.2025 - 07:29:00] Запрос 'airtime' от @Kkleytt [Фёдор Корниецкий]
[16.02.2025 - 07:29:01] Запрос 'airtime_locations' от @Kkleytt [Фёдор Корниецкий]
[16.02.2025 - 07:29:02] Запрос 'airtime' от @Kkleytt [Фёдор Корниецкий]
[16.02.2025 - 07:29:03] Запрос 'menu' от @Kkleytt [Фёдор Корниецкий]
[16.02.2025 - 07:29:55] ❌ Бот прекратил свою работу
[16.02.2025 - 07:30:01] Запуск Telegram-бота с TOKEN='7459892354:AAG8x-lEUegNxniiAjGsR6J2N41D7WJaAXo' на правах - 'ADMIN'
[16.02.2025 - 07:30:02] Команда '/start' от (@Kkleytt) [Фёдор Корниецкий]
[16.02.2025 - 07:30:04] Запрос 'menu' от @Kkleytt [Фёдор Корниецкий]
[16.02.2025 - 07:30:05] Запрос 'airtime' от @Kkleytt [Фёдор Корниецкий]
[16.02.2025 - 07:30:06] Запрос 'airtime_divepool' от @Kkleytt [Фёдор Корниецкий]
[16.02.2025 - 07:30:07] Запрос 'airtime_divepool_two' от @Kkleytt [Фёдор Корниецкий]
[16.02.2025 - 07:30:08] Запрос 'airtime_divepool_double' от @Kkleytt [Фёдор Корниецкий]
[16.02.2025 - 07:30:09] Запрос 'airtime_divepool_four' от @Kkleytt [Фёдор Корниецкий]
[16.02.2025 - 07:30:10] Запрос 'airtime_divepool_four_1' от @Kkleytt [Фёдор Корниецкий]
[16.02.2025 - 07:30:12] Запрос 'airtime_divepool_four_2' от @Kkleytt [Фёдор Корниецкий]
[16.02.2025 - 07:30:13] Запрос 'airtime_divepool_four_3' от @Kkleytt [Фёдор Корниецкий]
[16.02.2025 - 07:30:13] ❌ Ошибка редактирования сообщения: Telegram server says - Bad Request: message is not modified: specified new message content and reply markup are exactly the same as a current content and reply markup of the message
[16.02.2025 - 07:30:40] ❌ Бот прекратил свою работу
[16.02.2025 - 07:30:46] Запуск Telegram-бота с TOKEN='7459892354:AAG8x-lEUegNxniiAjGsR6J2N41D7WJaAXo' на правах - 'ADMIN'
[16.02.2025 - 07:30:50] Команда '/start' от (@Kkleytt) [Фёдор Корниецкий]
[16.02.2025 - 07:30:51] Запрос 'menu' от @Kkleytt [Фёдор Корниецкий]
[16.02.2025 - 07:30:52] Запрос 'airtime' от @Kkleytt [Фёдор Корниецкий]
[16.02.2025 - 07:30:53] Запрос 'airtime_divepool' от @Kkleytt [Фёдор Корниецкий]
[16.02.2025 - 07:30:54] Запрос 'airtime_divepool_four' от @Kkleytt [Фёдор Корниецкий]
[16.02.2025 - 07:30:56] Запрос 'airtime_divepool_four_1' от @Kkleytt [Фёдор Корниецкий]
[16.02.2025 - 07:30:58] Запрос 'airtime_divepool_four_2' от @Kkleytt [Фёдор Корниецкий]
[16.02.2025 - 07:31:00] Запрос 'airtime_divepool_four_3' от @Kkleytt [Фёдор Корниецкий]
[16.02.2025 - 07:31:01] Запрос 'airtime_divepool_four_2' от @Kkleytt [Фёдор Корниецкий]
[16.02.2025 - 07:31:02] Запрос 'airtime_divepool_four_1' от @Kkleytt [Фёдор Корниецкий]
[16.02.2025 - 07:31:03] Запрос 'airtime_divepool_four_0_double' от @Kkleytt [Фёдор Корниецкий]
[16.02.2025 - 07:31:55] ❌ Бот прекратил свою работу
[16.02.2025 - 07:32:00] Запуск Telegram-бота с TOKEN='7459892354:AAG8x-lEUegNxniiAjGsR6J2N41D7WJaAXo' на правах - 'ADMIN'
[16.02.2025 - 07:32:06] Команда '/start' от (@Kkleytt) [Фёдор Корниецкий]
[16.02.2025 - 07:32:07] Запрос 'menu' от @Kkleytt [Фёдор Корниецкий]
[16.02.2025 - 07:32:08] Запрос 'airtime' от @Kkleytt [Фёдор Корниецкий]
[16.02.2025 - 07:32:09] Запрос 'airtime_divepool' от @Kkleytt [Фёдор Корниецкий]
[16.02.2025 - 07:32:10] Запрос 'airtime_divepool_four' от @Kkleytt [Фёдор Корниецкий]
[16.02.2025 - 07:32:11] Запрос 'airtime_divepool_four_1' от @Kkleytt [Фёдор Корниецкий]
[16.02.2025 - 07:32:12] Запрос 'airtime_divepool_four_2' от @Kkleytt [Фёдор Корниецкий]
[16.02.2025 - 07:32:13] Запрос 'airtime_divepool_four_3' от @Kkleytt [Фёдор Корниецкий]
[16.02.2025 - 07:32:14] Запрос 'airtime_divepool_four_2' от @Kkleytt [Фёдор Корниецкий]
[16.02.2025 - 07:32:14] Запрос 'airtime_divepool_four_1' от @Kkleytt [Фёдор Корниецкий]
[16.02.2025 - 07:32:15] Запрос 'airtime_divepool_four_0_double' от @Kkleytt [Фёдор Корниецкий]
[16.02.2025 - 07:32:46] ❌ Бот прекратил свою работу
[16.02.2025 - 07:32:51] Запуск Telegram-бота с TOKEN='7459892354:AAG8x-lEUegNxniiAjGsR6J2N41D7WJaAXo' на правах - 'ADMIN'
[16.02.2025 - 07:32:52] Команда '/start' от (@Kkleytt) [Фёдор Корниецкий]
[16.02.2025 - 07:32:53] Запрос 'menu' от @Kkleytt [Фёдор Корниецкий]
[16.02.2025 - 07:32:54] Запрос 'airtime' от @Kkleytt [Фёдор Корниецкий]
[16.02.2025 - 07:32:55] Запрос 'airtime_divepool' от @Kkleytt [Фёдор Корниецкий]
[16.02.2025 - 07:32:56] Запрос 'airtime_divepool_four' от @Kkleytt [Фёдор Корниецкий]
[16.02.2025 - 07:32:57] Запрос 'airtime_divepool_four_1' от @Kkleytt [Фёдор Корниецкий]
[16.02.2025 - 07:33:01] Запрос 'airtime_divepool_four_2' от @Kkleytt [Фёдор Корниецкий]
[16.02.2025 - 07:33:02] Запрос 'airtime_divepool_four_3' от @Kkleytt [Фёдор Корниецкий]
[16.02.2025 - 07:33:03] Запрос 'airtime_divepool_four_2' от @Kkleytt [Фёдор Корниецкий]
[16.02.2025 - 07:33:04] Запрос 'airtime_divepool_four_1' от @Kkleytt [Фёдор Корниецкий]
[16.02.2025 - 07:33:05] Запрос 'airtime_divepool_four_double' от @Kkleytt [Фёдор Корниецкий]
[16.02.2025 - 07:33:06] Запрос 'airtime_divepool_four_1' от @Kkleytt [Фёдор Корниецкий]
[16.02.2025 - 07:33:07] Запрос 'airtime_divepool_four_2' от @Kkleytt [Фёдор Корниецкий]
[16.02.2025 - 07:33:07] Запрос 'airtime_divepool_four_3' от @Kkleytt [Фёдор Корниецкий]
[16.02.2025 - 07:33:08] Запрос 'airtime_divepool_four_2' от @Kkleytt [Фёдор Корниецкий]
[16.02.2025 - 07:33:09] Запрос 'airtime_divepool_four_1' от @Kkleytt [Фёдор Корниецкий]
[16.02.2025 - 07:33:13] Запрос 'airtime_divepool_four_double' от @Kkleytt [Фёдор Корниецкий]
[16.02.2025 - 07:33:14] Запрос 'airtime_divepool_double' от @Kkleytt [Фёдор Корниецкий]
[16.02.2025 - 07:33:16] Запрос 'airtime' от @Kkleytt [Фёдор Корниецкий]
[16.02.2025 - 07:33:18] Запрос 'menu' от @Kkleytt [Фёдор Корниецкий]
[16.02.2025 - 07:46:30] ❌ Бот прекратил свою работу
[16.02.2025 - 07:46:53] Запуск Telegram-бота с TOKEN='7459892354:AAG8x-lEUegNxniiAjGsR6J2N41D7WJaAXo' на правах - 'ADMIN'
[16.02.2025 - 07:46:55] Команда '/start' от (@Kkleytt) [Фёдор Корниецкий]
[16.02.2025 - 07:46:56] Запрос 'menu' от @Kkleytt [Фёдор Корниецкий]
[16.02.2025 - 07:46:57] Запрос 'jumping' от @Kkleytt [Фёдор Корниецкий]
[16.02.2025 - 07:46:58] Запрос 'jumping_aff' от @Kkleytt [Фёдор Корниецкий]
[16.02.2025 - 07:47:00] Запрос 'jumping_aff_1' от @Kkleytt [Фёдор Корниецкий]
[16.02.2025 - 07:47:12] Запрос 'jumping_double' от @Kkleytt [Фёдор Корниецкий]
[16.02.2025 - 07:47:14] Запрос 'jumping_forester' от @Kkleytt [Фёдор Корниецкий]
[16.02.2025 - 07:47:15] Запрос 'jumping' от @Kkleytt [Фёдор Корниецкий]
[16.02.2025 - 07:47:16] Запрос 'jumping_install' от @Kkleytt [Фёдор Корниецкий]
[16.02.2025 - 07:47:17] Запрос 'jumping' от @Kkleytt [Фёдор Корниецкий]
[16.02.2025 - 07:47:19] Запрос 'jumping_piloting' от @Kkleytt [Фёдор Корниецкий]
[16.02.2025 - 07:47:20] Запрос 'jumping_double' от @Kkleytt [Фёдор Корниецкий]
[16.02.2025 - 07:47:22] Запрос 'jumping_special' от @Kkleytt [Фёдор Корниецкий]
[16.02.2025 - 07:47:24] Запрос 'jumping_double' от @Kkleytt [Фёдор Корниецкий]
[16.02.2025 - 07:47:26] Запрос 'jumping_refusals' от @Kkleytt [Фёдор Корниецкий]
[16.02.2025 - 07:47:28] Запрос 'jumping_double' от @Kkleytt [Фёдор Корниецкий]
[16.02.2025 - 07:47:30] Запрос 'jumping_equipment' от @Kkleytt [Фёдор Корниецкий]
[16.02.2025 - 07:47:31] Запрос 'jumping' от @Kkleytt [Фёдор Корниецкий]
[16.02.2025 - 07:47:33] Запрос 'jumping_documents' от @Kkleytt [Фёдор Корниецкий]
[16.02.2025 - 07:47:34] Запрос 'jumping' от @Kkleytt [Фёдор Корниецкий]
[16.02.2025 - 07:47:35] Запрос 'jumping_category' от @Kkleytt [Фёдор Корниецкий]
[16.02.2025 - 07:47:38] Запрос 'jumping_more' от @Kkleytt [Фёдор Корниецкий]
[16.02.2025 - 07:47:39] Запрос 'jumping_more_start' от @Kkleytt [Фёдор Корниецкий]
[16.02.2025 - 07:47:41] Запрос 'jumping_more' от @Kkleytt [Фёдор Корниецкий]
[16.02.2025 - 07:47:42] Запрос 'jumping_more_maps' от @Kkleytt [Фёдор Корниецкий]
[16.02.2025 - 07:47:43] Запрос 'jumping_more' от @Kkleytt [Фёдор Корниецкий]
[16.02.2025 - 07:47:44] Запрос 'jumping_more_watch' от @Kkleytt [Фёдор Корниецкий]
[16.02.2025 - 07:47:46] Запрос 'jumping_more_double' от @Kkleytt [Фёдор Корниецкий]
[16.02.2025 - 07:47:47] Запрос 'jumping_more_insurance' от @Kkleytt [Фёдор Корниецкий]
[16.02.2025 - 07:47:49] Запрос 'jumping_more' от @Kkleytt [Фёдор Корниецкий]
[16.02.2025 - 07:47:50] Запрос 'jumping' от @Kkleytt [Фёдор Корниецкий]
[16.02.2025 - 07:49:23] ❌ Бот прекратил свою работу
[16.02.2025 - 07:49:29] Запуск Telegram-бота с TOKEN='7459892354:AAG8x-lEUegNxniiAjGsR6J2N41D7WJaAXo' на правах - 'ADMIN'
[16.02.2025 - 07:49:30] Команда '/start' от (@Kkleytt) [Фёдор Корниецкий]
[16.02.2025 - 07:49:32] Запрос 'menu' от @Kkleytt [Фёдор Корниецкий]
[16.02.2025 - 07:49:34] Запрос 'jumping' от @Kkleytt [Фёдор Корниецкий]
[16.02.2025 - 07:49:34] Запрос 'jumping_aff' от @Kkleytt [Фёдор Корниецкий]
[16.02.2025 - 07:49:36] Запрос 'jumping_aff_1' от @Kkleytt [Фёдор Корниецкий]
[16.02.2025 - 07:49:38] Запрос 'jumping_double' от @Kkleytt [Фёдор Корниецкий]
[16.02.2025 - 07:49:40] Запрос 'jumping_category' от @Kkleytt [Фёдор Корниецкий]
[16.02.2025 - 07:49:41] Запрос 'jumping_category_a' от @Kkleytt [Фёдор Корниецкий]
[16.02.2025 - 07:49:43] Запрос 'jumping_category_b' от @Kkleytt [Фёдор Корниецкий]
[16.02.2025 - 07:49:44] Запрос 'jumping_category_c' от @Kkleytt [Фёдор Корниецкий]
[16.02.2025 - 07:49:45] Запрос 'jumping_category_d' от @Kkleytt [Фёдор Корниецкий]
[16.02.2025 - 07:49:47] Запрос 'jumping' от @Kkleytt [Фёдор Корниецкий]
[16.02.2025 - 07:49:49] Запрос 'menu' от @Kkleytt [Фёдор Корниецкий]
[16.02.2025 - 07:57:38] ❌ Бот прекратил свою работу
[16.02.2025 - 07:59:19] Запуск Telegram-бота с TOKEN='7459892354:AAG8x-lEUegNxniiAjGsR6J2N41D7WJaAXo' на правах - 'ADMIN'
[16.02.2025 - 07:59:20] Команда '/start' от (@Kkleytt) [Фёдор Корниецкий]
[16.02.2025 - 07:59:22] Запрос 'menu' от @Kkleytt [Фёдор Корниецкий]
[16.02.2025 - 07:59:24] Запрос 'airtime' от @Kkleytt [Фёдор Корниецкий]
[16.02.2025 - 07:59:25] Запрос 'airtime_divepool' от @Kkleytt [Фёдор Корниецкий]
[16.02.2025 - 07:59:26] Запрос 'airtime' от @Kkleytt [Фёдор Корниецкий]
[16.02.2025 - 07:59:26] Запрос 'menu' от @Kkleytt [Фёдор Корниецкий]
[16.02.2025 - 07:59:27] Запрос 'jumping' от @Kkleytt [Фёдор Корниецкий]
[16.02.2025 - 07:59:28] Запрос 'jumping_equipment' от @Kkleytt [Фёдор Корниецкий]
[16.02.2025 - 07:59:29] Запрос 'jumping' от @Kkleytt [Фёдор Корниецкий]
[16.02.2025 - 07:59:30] Запрос 'menu' от @Kkleytt [Фёдор Корниецкий]
[16.02.2025 - 07:59:31] Запрос 'competitions' от @Kkleytt [Фёдор Корниецкий]
[16.02.2025 - 07:59:33] Запрос 'competitions_flycontest' от @Kkleytt [Фёдор Корниецкий]
[16.02.2025 - 07:59:34] Запрос 'competitions' от @Kkleytt [Фёдор Корниецкий]
[16.02.2025 - 07:59:35] Запрос 'competitions_rules' от @Kkleytt [Фёдор Корниецкий]
[16.02.2025 - 07:59:37] Запрос 'competitions_double' от @Kkleytt [Фёдор Корниецкий]
[16.02.2025 - 07:59:37] Запрос 'competitions_standards' от @Kkleytt [Фёдор Корниецкий]
[16.02.2025 - 07:59:39] Запрос 'competitions_double' от @Kkleytt [Фёдор Корниецкий]
[16.02.2025 - 07:59:39] Запрос 'competitions_calendar' от @Kkleytt [Фёдор Корниецкий]
[16.02.2025 - 08:00:28] Запрос 'menu' от @Kkleytt [Фёдор Корниецкий]
[16.02.2025 - 08:00:30] Запрос 'additionally' от @Kkleytt [Фёдор Корниецкий]
[16.02.2025 - 08:00:31] Запрос 'additionally_aerodynamics' от @Kkleytt [Фёдор Корниецкий]
[16.02.2025 - 08:00:33] Запрос 'additionally_double' от @Kkleytt [Фёдор Корниецкий]
[16.02.2025 - 08:00:34] Запрос 'additionally_maps' от @Kkleytt [Фёдор Корниецкий]
[16.02.2025 - 08:00:35] Запрос 'additionally_double' от @Kkleytt [Фёдор Корниецкий]
[16.02.2025 - 08:00:36] Запрос 'additionally_weather' от @Kkleytt [Фёдор Корниецкий]
[16.02.2025 - 08:00:37] Запрос 'additionally' от @Kkleytt [Фёдор Корниецкий]
[16.02.2025 - 08:00:38] Запрос 'menu' от @Kkleytt [Фёдор Корниецкий]
[16.02.2025 - 08:00:39] Запрос 'competitions' от @Kkleytt [Фёдор Корниецкий]
[16.02.2025 - 08:01:12] ❌ Бот прекратил свою работу
[16.02.2025 - 08:01:17] Запуск Telegram-бота с TOKEN='7459892354:AAG8x-lEUegNxniiAjGsR6J2N41D7WJaAXo' на правах - 'ADMIN'
[16.02.2025 - 08:01:19] Команда '/start' от (@Kkleytt) [Фёдор Корниецкий]
[16.02.2025 - 08:01:22] Запрос 'menu' от @Kkleytt [Фёдор Корниецкий]
[16.02.2025 - 08:01:24] Запрос 'competitions' от @Kkleytt [Фёдор Корниецкий]
[16.02.2025 - 08:01:25] Запрос 'competitions_calendar' от @Kkleytt [Фёдор Корниецкий]
[16.02.2025 - 08:01:26] Запрос 'competitions' от @Kkleytt [Фёдор Корниецкий]
[16.02.2025 - 08:01:27] Запрос 'menu' от @Kkleytt [Фёдор Корниецкий]
[16.02.2025 - 08:06:01] ❌ Бот прекратил свою работу
[16.02.2025 - 08:07:19] Запуск Telegram-бота с TOKEN='7459892354:AAG8x-lEUegNxniiAjGsR6J2N41D7WJaAXo' на правах - 'ADMIN'
[16.02.2025 - 08:07:20] Команда '/start' от (@Kkleytt) [Фёдор Корниецкий]
[16.02.2025 - 08:07:22] Запрос 'menu' от @Kkleytt [Фёдор Корниецкий]
[16.02.2025 - 08:07:29] Запрос 'about' от @Kkleytt [Фёдор Корниецкий]
[16.02.2025 - 08:07:30] Запрос 'about_director' от @Kkleytt [Фёдор Корниецкий]
[16.02.2025 - 08:07:32] Запрос 'about_double' от @Kkleytt [Фёдор Корниецкий]
[16.02.2025 - 08:07:52] Запрос 'menu' от @Kkleytt [Фёдор Корниецкий]
[16.02.2025 - 08:07:54] Запрос 'additionally' от @Kkleytt [Фёдор Корниецкий]
[16.02.2025 - 08:07:55] Запрос 'menu' от @Kkleytt [Фёдор Корниецкий]
[16.02.2025 - 08:07:55] Запрос 'about' от @Kkleytt [Фёдор Корниецкий]
[16.02.2025 - 08:08:20] Запрос 'about_mission' от @Kkleytt [Фёдор Корниецкий]
[16.02.2025 - 08:08:22] Запрос 'about' от @Kkleytt [Фёдор Корниецкий]
[16.02.2025 - 08:08:22] Запрос 'about_contacts' от @Kkleytt [Фёдор Корниецкий]
[16.02.2025 - 08:08:23] Запрос 'about' от @Kkleytt [Фёдор Корниецкий]
[16.02.2025 - 08:08:57] ❌ Бот прекратил свою работу
[16.02.2025 - 08:09:03] Запуск Telegram-бота с TOKEN='7459892354:AAG8x-lEUegNxniiAjGsR6J2N41D7WJaAXo' на правах - 'ADMIN'
[16.02.2025 - 08:09:04] Команда '/start' от (@Kkleytt) [Фёдор Корниецкий]
[16.02.2025 - 08:09:08] Запрос 'menu' от @Kkleytt [Фёдор Корниецкий]
[16.02.2025 - 08:09:09] Запрос 'about' от @Kkleytt [Фёдор Корниецкий]
[16.02.2025 - 08:13:28] ❌ Бот прекратил свою работу
[16.02.2025 - 08:13:33] Запуск Telegram-бота с TOKEN='7459892354:AAG8x-lEUegNxniiAjGsR6J2N41D7WJaAXo' на правах - 'ADMIN'
[16.02.2025 - 08:13:34] Команда '/start' от (@Kkleytt) [Фёдор Корниецкий]
[16.02.2025 - 08:13:36] Запрос 'menu' от @Kkleytt [Фёдор Корниецкий]
[16.02.2025 - 08:13:37] Запрос 'about' от @Kkleytt [Фёдор Корниецкий]
[16.02.2025 - 08:13:38] Запрос 'about_director' от @Kkleytt [Фёдор Корниецкий]
[16.02.2025 - 08:13:39] Запрос 'about_double' от @Kkleytt [Фёдор Корниецкий]
[16.02.2025 - 08:13:40] Запрос 'about_mission' от @Kkleytt [Фёдор Корниецкий]
[16.02.2025 - 08:13:41] Запрос 'about' от @Kkleytt [Фёдор Корниецкий]
[16.02.2025 - 08:13:42] Запрос 'about_contacts' от @Kkleytt [Фёдор Корниецкий]
[16.02.2025 - 08:13:42] Запрос 'about' от @Kkleytt [Фёдор Корниецкий]
[16.02.2025 - 08:13:43] Запрос 'about_trainer' от @Kkleytt [Фёдор Корниецкий]
[16.02.2025 - 08:13:44] Запрос 'about_trainer_1' от @Kkleytt [Фёдор Корниецкий]
[16.02.2025 - 08:13:49] Запрос 'about_trainer_2' от @Kkleytt [Фёдор Корниецкий]
[16.02.2025 - 08:13:49] ❌ Ошибка редактирования сообщения: Telegram server says - Bad Request: message is not modified: specified new message content and reply markup are exactly the same as a current content and reply markup of the message
[16.02.2025 - 08:14:09] ❌ Бот прекратил свою работу
[16.02.2025 - 08:14:14] Запуск Telegram-бота с TOKEN='7459892354:AAG8x-lEUegNxniiAjGsR6J2N41D7WJaAXo' на правах - 'ADMIN'
[16.02.2025 - 08:14:17] Команда '/start' от (@Kkleytt) [Фёдор Корниецкий]
[16.02.2025 - 08:14:18] Запрос 'menu' от @Kkleytt [Фёдор Корниецкий]
[16.02.2025 - 08:14:19] Запрос 'about' от @Kkleytt [Фёдор Корниецкий]
[16.02.2025 - 08:14:20] Запрос 'about_trainer' от @Kkleytt [Фёдор Корниецкий]
[16.02.2025 - 08:14:21] Запрос 'about_trainer_1' от @Kkleytt [Фёдор Корниецкий]
[16.02.2025 - 08:14:22] Запрос 'about_trainer_2' от @Kkleytt [Фёдор Корниецкий]
[16.02.2025 - 08:14:26] Запрос 'about_trainer_1' от @Kkleytt [Фёдор Корниецкий]
[16.02.2025 - 08:14:27] Запрос 'about_trainer_double' от @Kkleytt [Фёдор Корниецкий]
[16.02.2025 - 08:14:29] Запрос 'about_trainer_1' от @Kkleytt [Фёдор Корниецкий]
[16.02.2025 - 08:14:29] Запрос 'about_trainer_2' от @Kkleytt [Фёдор Корниецкий]
[16.02.2025 - 08:14:30] Запрос 'about_trainer_1' от @Kkleytt [Фёдор Корниецкий]
[16.02.2025 - 08:14:34] Запрос 'about_trainer_double' от @Kkleytt [Фёдор Корниецкий]
[16.02.2025 - 08:14:35] Запрос 'about_double' от @Kkleytt [Фёдор Корниецкий]
[16.02.2025 - 08:17:19] ❌ Бот прекратил свою работу
[16.02.2025 - 08:17:25] Запуск Telegram-бота с TOKEN='7459892354:AAG8x-lEUegNxniiAjGsR6J2N41D7WJaAXo' на правах - 'ADMIN'
[16.02.2025 - 08:17:34] Команда '/start' от (@Kkleytt) [Фёдор Корниецкий]
[16.02.2025 - 08:17:35] Запрос 'menu' от @Kkleytt [Фёдор Корниецкий]
[16.02.2025 - 08:17:37] Запрос 'competitions' от @Kkleytt [Фёдор Корниецкий]
[16.02.2025 - 08:17:38] Запрос 'competitions_rusada' от @Kkleytt [Фёдор Корниецкий]
[16.02.2025 - 08:17:39] Запрос 'competitions' от @Kkleytt [Фёдор Корниецкий]
[16.02.2025 - 08:17:40] Запрос 'competitions_rusada' от @Kkleytt [Фёдор Корниецкий]
[16.02.2025 - 08:17:43] Запрос 'competitions' от @Kkleytt [Фёдор Корниецкий]
[16.02.2025 - 08:17:46] Запрос 'menu' от @Kkleytt [Фёдор Корниецкий]
[16.02.2025 - 08:32:25] ⚠️ Производится ping БД
[16.02.2025 - 08:32:25] ✅ Сервер MySQL доступен по адресу: 46.160.250.162:3306
[16.02.2025 - 08:39:06] ❌ Бот прекратил свою работу
