[11.02.2025 - 00:34:11] Запуск Telegram-бота с TOKEN=7902542664:AAHoujbcWv6zmcXmM0KgSWTEim1FLBVSf2g
[11.02.2025 - 00:34:13] Запрос 'about' от 685865278 (@Kkleytt)
[11.02.2025 - 00:34:25] Запрос 'menu' от 685865278 (@Kkleytt)
[11.02.2025 - 00:36:11] Запуск Telegram-бота с TOKEN=7902542664:AAHoujbcWv6zmcXmM0KgSWTEim1FLBVSf2g
[11.02.2025 - 00:36:14] Запрос 'about' от 685865278 (@Kkleytt)
[11.02.2025 - 00:36:21] Запрос 'menu' от 685865278 (@Kkleytt)
[11.02.2025 - 00:36:40] Запрос 'airtime' от 685865278 (@Kkleytt)
[11.02.2025 - 00:36:41] Запрос 'menu' от 685865278 (@Kkleytt)
[11.02.2025 - 00:36:42] Запрос 'competitions' от 685865278 (@Kkleytt)
[11.02.2025 - 00:36:43] Запрос 'menu' от 685865278 (@Kkleytt)
[11.02.2025 - 00:36:44] Запрос 'additionally' от 685865278 (@Kkleytt)
[11.02.2025 - 00:36:46] Запрос 'menu' от 685865278 (@Kkleytt)
[11.02.2025 - 00:36:47] Запрос 'competitions' от 685865278 (@Kkleytt)
[11.02.2025 - 00:36:48] Запрос 'menu' от 685865278 (@Kkleytt)
[11.02.2025 - 00:41:13] Запуск Telegram-бота с TOKEN=7902542664:AAHoujbcWv6zmcXmM0KgSWTEim1FLBVSf2g
[11.02.2025 - 00:41:15] Запрос 'about' от 685865278 (@Kkleytt)
[11.02.2025 - 00:41:17] Запрос 'about_director' от 685865278 (@Kkleytt)
[11.02.2025 - 00:41:20] Запрос 'about' от 685865278 (@Kkleytt)
[11.02.2025 - 00:41:20] ❌ Ошибка редактирования сообщения: Telegram server says - Bad Request: there is no text in the message to edit
[11.02.2025 - 00:41:23] Запрос 'menu' от 685865278 (@Kkleytt)
[11.02.2025 - 00:47:49] Запуск Telegram-бота с TOKEN=7902542664:AAHoujbcWv6zmcXmM0KgSWTEim1FLBVSf2g
[11.02.2025 - 00:47:51] Запрос 'about' от 685865278 (@Kkleytt)
[11.02.2025 - 00:47:54] Запрос 'about_director' от 685865278 (@Kkleytt)
[11.02.2025 - 00:47:55] Запрос 'about' от 685865278 (@Kkleytt)
[11.02.2025 - 00:49:15] Запуск Telegram-бота с TOKEN=7902542664:AAHoujbcWv6zmcXmM0KgSWTEim1FLBVSf2g
[11.02.2025 - 00:49:20] Запрос 'menu' от 685865278 (@Kkleytt)
[11.02.2025 - 00:49:22] Запрос 'about' от 685865278 (@Kkleytt)
[11.02.2025 - 00:49:23] Запрос 'about_director' от 685865278 (@Kkleytt)
[11.02.2025 - 00:49:26] Запрос 'about' от 685865278 (@Kkleytt)
[11.02.2025 - 00:49:32] Запрос 'about_trainer_0' от 685865278 (@Kkleytt)
[11.02.2025 - 00:49:34] Запрос 'about' от 685865278 (@Kkleytt)
[11.02.2025 - 00:49:38] Запрос 'about_trainer_0' от 685865278 (@Kkleytt)
[11.02.2025 - 00:49:39] Запрос 'about_trainer_1' от 685865278 (@Kkleytt)
[11.02.2025 - 00:49:41] Запрос 'about_trainer_2' от 685865278 (@Kkleytt)
[11.02.2025 - 00:49:42] Запрос 'about' от 685865278 (@Kkleytt)
[11.02.2025 - 00:49:45] Запрос 'about_mission' от 685865278 (@Kkleytt)
[11.02.2025 - 00:49:46] Запрос 'about' от 685865278 (@Kkleytt)
[11.02.2025 - 00:49:48] Запрос 'about_contacts' от 685865278 (@Kkleytt)
[11.02.2025 - 00:49:50] Запрос 'about' от 685865278 (@Kkleytt)
[11.02.2025 - 00:49:51] Запрос 'menu' от 685865278 (@Kkleytt)
[11.02.2025 - 00:49:56] Запрос 'additionally' от 685865278 (@Kkleytt)
[11.02.2025 - 00:49:58] Запрос 'additionally_aerodynamics' от 685865278 (@Kkleytt)
[11.02.2025 - 00:50:00] Запрос 'additionally' от 685865278 (@Kkleytt)
[11.02.2025 - 00:50:00] ❌ Ошибка редактирования сообщения: Telegram server says - Bad Request: there is no text in the message to edit
[11.02.2025 - 00:50:54] Запуск Telegram-бота с TOKEN=7902542664:AAHoujbcWv6zmcXmM0KgSWTEim1FLBVSf2g
[11.02.2025 - 00:51:15] Команда '/start' от 685865278 (@Kkleytt) [Фёдор Корниецкий]
[11.02.2025 - 00:51:17] Запрос 'menu' от 685865278 (@Kkleytt)
[11.02.2025 - 00:51:18] Запрос 'airtime' от 685865278 (@Kkleytt)
[11.02.2025 - 00:51:19] Запрос 'airtime_divepool' от 685865278 (@Kkleytt)
[11.02.2025 - 00:52:14] Запрос 'airtime' от 685865278 (@Kkleytt)
[11.02.2025 - 00:52:15] Запрос 'airtime_ga4' от 685865278 (@Kkleytt)
[11.02.2025 - 00:52:26] Запрос 'airtime' от 685865278 (@Kkleytt)
[11.02.2025 - 00:52:26] ❌ Ошибка редактирования сообщения: Telegram server says - Bad Request: there is no text in the message to edit
[11.02.2025 - 00:52:28] Запрос 'airtime_test' от 685865278 (@Kkleytt)
[11.02.2025 - 00:52:29] Запрос 'airtime' от 685865278 (@Kkleytt)
[11.02.2025 - 00:52:30] Запрос 'airtime_first' от 685865278 (@Kkleytt)
[11.02.2025 - 00:52:32] Запрос 'airtime' от 685865278 (@Kkleytt)
[11.02.2025 - 00:52:33] Запрос 'airtime_apps' от 685865278 (@Kkleytt)
[11.02.2025 - 00:52:33] Запрос 'airtime' от 685865278 (@Kkleytt)
[11.02.2025 - 00:52:34] Запрос 'airtime_equipment' от 685865278 (@Kkleytt)
[11.02.2025 - 00:52:42] Запрос 'airtime' от 685865278 (@Kkleytt)
[11.02.2025 - 00:52:42] ❌ Ошибка редактирования сообщения: Telegram server says - Bad Request: there is no text in the message to edit
[11.02.2025 - 00:52:44] Запрос 'airtime_buy' от 685865278 (@Kkleytt)
[11.02.2025 - 00:52:45] Запрос 'airtime' от 685865278 (@Kkleytt)
[11.02.2025 - 00:52:47] Запрос 'airtime_locations' от 685865278 (@Kkleytt)
[11.02.2025 - 00:52:48] Запрос 'airtime' от 685865278 (@Kkleytt)
[11.02.2025 - 00:52:50] Запрос 'menu' от 685865278 (@Kkleytt)
[11.02.2025 - 00:52:51] Запрос 'jumping' от 685865278 (@Kkleytt)
[11.02.2025 - 00:52:52] Запрос 'jumping_aff' от 685865278 (@Kkleytt)
[11.02.2025 - 00:52:56] Запрос 'jumping' от 685865278 (@Kkleytt)
[11.02.2025 - 00:52:57] ❌ Ошибка редактирования сообщения: Telegram server says - Bad Request: there is no text in the message to edit
[11.02.2025 - 00:53:06] Запрос 'jumping_forester' от 685865278 (@Kkleytt)
[11.02.2025 - 00:53:07] Запрос 'jumping' от 685865278 (@Kkleytt)
[11.02.2025 - 00:53:08] Запрос 'jumping_install' от 685865278 (@Kkleytt)
[11.02.2025 - 00:53:10] Запрос 'jumping' от 685865278 (@Kkleytt)
[11.02.2025 - 00:53:11] Запрос 'jumping_piloting' от 685865278 (@Kkleytt)
[11.02.2025 - 00:53:13] Запрос 'jumping' от 685865278 (@Kkleytt)
[11.02.2025 - 00:53:13] ❌ Ошибка редактирования сообщения: Telegram server says - Bad Request: there is no text in the message to edit
[11.02.2025 - 00:53:15] Запрос 'jumping_special' от 685865278 (@Kkleytt)
[11.02.2025 - 00:53:16] Запрос 'jumping' от 685865278 (@Kkleytt)
[11.02.2025 - 00:53:16] ❌ Ошибка редактирования сообщения: Telegram server says - Bad Request: there is no text in the message to edit
[11.02.2025 - 00:53:18] Запрос 'jumping_refusals' от 685865278 (@Kkleytt)
[11.02.2025 - 00:53:19] Запрос 'jumping' от 685865278 (@Kkleytt)
[11.02.2025 - 00:53:19] ❌ Ошибка редактирования сообщения: Telegram server says - Bad Request: there is no text in the message to edit
[11.02.2025 - 00:53:39] Запрос 'jumping_equipment' от 685865278 (@Kkleytt)
[11.02.2025 - 00:53:40] Запрос 'jumping' от 685865278 (@Kkleytt)
[11.02.2025 - 00:53:42] Запрос 'jumping_documents' от 685865278 (@Kkleytt)
[11.02.2025 - 00:53:43] Запрос 'jumping' от 685865278 (@Kkleytt)
[11.02.2025 - 00:53:44] Запрос 'jumping_more' от 685865278 (@Kkleytt)
[11.02.2025 - 00:53:45] Запрос 'jumping_more_start' от 685865278 (@Kkleytt)
[11.02.2025 - 00:53:47] Запрос 'jumping_more' от 685865278 (@Kkleytt)
[11.02.2025 - 00:53:48] Запрос 'jumping_more_maps' от 685865278 (@Kkleytt)
[11.02.2025 - 00:53:49] Запрос 'jumping_more' от 685865278 (@Kkleytt)
[11.02.2025 - 00:53:50] Запрос 'jumping_more_watch' от 685865278 (@Kkleytt)
[11.02.2025 - 00:53:51] Запрос 'jumping_more' от 685865278 (@Kkleytt)
[11.02.2025 - 00:53:53] Запрос 'jumping_more_insurance' от 685865278 (@Kkleytt)
[11.02.2025 - 00:53:54] Запрос 'jumping_more' от 685865278 (@Kkleytt)
[11.02.2025 - 00:53:55] Запрос 'jumping' от 685865278 (@Kkleytt)
[11.02.2025 - 00:53:56] Запрос 'menu' от 685865278 (@Kkleytt)
[11.02.2025 - 00:53:57] Запрос 'competitions' от 685865278 (@Kkleytt)
[11.02.2025 - 00:53:58] Запрос 'competitions_flycontest' от 685865278 (@Kkleytt)
[11.02.2025 - 00:53:59] Запрос 'competitions' от 685865278 (@Kkleytt)
[11.02.2025 - 00:54:00] Запрос 'competitions_rules' от 685865278 (@Kkleytt)
[11.02.2025 - 00:54:02] Запрос 'competitions' от 685865278 (@Kkleytt)
[11.02.2025 - 00:54:02] ❌ Ошибка редактирования сообщения: Telegram server says - Bad Request: there is no text in the message to edit
[11.02.2025 - 00:54:04] Запрос 'competitions_standards' от 685865278 (@Kkleytt)
[11.02.2025 - 00:54:05] Запрос 'competitions' от 685865278 (@Kkleytt)
[11.02.2025 - 00:54:05] ❌ Ошибка редактирования сообщения: Telegram server says - Bad Request: there is no text in the message to edit
[11.02.2025 - 00:54:07] Запрос 'competitions_calendar' от 685865278 (@Kkleytt)
[11.02.2025 - 00:54:08] Запрос 'competitions' от 685865278 (@Kkleytt)
[11.02.2025 - 00:54:19] Запрос 'menu' от 685865278 (@Kkleytt)
[11.02.2025 - 00:54:20] Запрос 'additionally' от 685865278 (@Kkleytt)
[11.02.2025 - 00:54:21] Запрос 'additionally_aerodynamics' от 685865278 (@Kkleytt)
[11.02.2025 - 00:54:23] Запрос 'additionally' от 685865278 (@Kkleytt)
[11.02.2025 - 00:54:23] ❌ Ошибка редактирования сообщения: Telegram server says - Bad Request: there is no text in the message to edit
[11.02.2025 - 00:54:24] Запрос 'additionally_maps' от 685865278 (@Kkleytt)
[11.02.2025 - 00:54:26] Запрос 'additionally' от 685865278 (@Kkleytt)
[11.02.2025 - 00:54:26] ❌ Ошибка редактирования сообщения: Telegram server says - Bad Request: there is no text in the message to edit
[11.02.2025 - 00:54:27] Запрос 'additionally_weather' от 685865278 (@Kkleytt)
[11.02.2025 - 00:54:29] Запрос 'additionally' от 685865278 (@Kkleytt)
[11.02.2025 - 00:55:50] Запуск Telegram-бота с TOKEN=7902542664:AAHoujbcWv6zmcXmM0KgSWTEim1FLBVSf2g
[11.02.2025 - 00:55:52] Запрос 'menu' от 685865278 (@Kkleytt)
[11.02.2025 - 00:55:53] Запрос 'about' от 685865278 (@Kkleytt)
[11.02.2025 - 00:55:54] Запрос 'about_director' от 685865278 (@Kkleytt)
[11.02.2025 - 00:55:56] Запрос 'about' от 685865278 (@Kkleytt)
[11.02.2025 - 00:56:02] Запрос 'menu' от 685865278 (@Kkleytt)
[11.02.2025 - 00:56:04] Запрос 'additionally' от 685865278 (@Kkleytt)
[11.02.2025 - 00:56:05] Запрос 'additionally_aerodynamics' от 685865278 (@Kkleytt)
[11.02.2025 - 00:56:07] Запрос 'additionally' от 685865278 (@Kkleytt)
[11.02.2025 - 00:56:09] Запрос 'additionally_maps' от 685865278 (@Kkleytt)
[11.02.2025 - 00:56:11] Запрос 'additionally' от 685865278 (@Kkleytt)
[11.02.2025 - 00:59:40] Запуск Telegram-бота с TOKEN=7902542664:AAHoujbcWv6zmcXmM0KgSWTEim1FLBVSf2g
[11.02.2025 - 00:59:41] Запрос 'menu' от 685865278 (@Kkleytt)
[11.02.2025 - 00:59:44] Запрос 'jumping' от 685865278 (@Kkleytt)
[11.02.2025 - 00:59:45] Запрос 'jumping_aff' от 685865278 (@Kkleytt)
[11.02.2025 - 00:59:47] Запрос 'jumping' от 685865278 (@Kkleytt)
[11.02.2025 - 00:59:51] Запрос 'jumping_forester' от 685865278 (@Kkleytt)
[11.02.2025 - 00:59:53] Запрос 'jumping' от 685865278 (@Kkleytt)
[11.02.2025 - 00:59:55] Запрос 'jumping_piloting' от 685865278 (@Kkleytt)
[11.02.2025 - 00:59:56] Запрос 'jumping' от 685865278 (@Kkleytt)
[11.02.2025 - 00:59:58] Запрос 'jumping_special' от 685865278 (@Kkleytt)
[11.02.2025 - 00:59:59] Запрос 'jumping' от 685865278 (@Kkleytt)
[11.02.2025 - 01:00:01] Запрос 'jumping_refusals' от 685865278 (@Kkleytt)
[11.02.2025 - 01:00:02] Запрос 'jumping' от 685865278 (@Kkleytt)
[11.02.2025 - 01:00:06] Запрос 'jumping_more' от 685865278 (@Kkleytt)
[11.02.2025 - 01:00:08] Запрос 'jumping' от 685865278 (@Kkleytt)
[11.02.2025 - 01:00:09] Запрос 'menu' от 685865278 (@Kkleytt)
[11.02.2025 - 01:00:11] Запрос 'competitions' от 685865278 (@Kkleytt)
[11.02.2025 - 01:00:14] Запрос 'competitions_rules' от 685865278 (@Kkleytt)
[11.02.2025 - 01:00:17] Запрос 'competitions' от 685865278 (@Kkleytt)
[11.02.2025 - 01:00:18] Запрос 'competitions_standards' от 685865278 (@Kkleytt)
[11.02.2025 - 01:00:20] Запрос 'competitions' от 685865278 (@Kkleytt)
[11.02.2025 - 01:00:26] Запрос 'menu' от 685865278 (@Kkleytt)
[11.02.2025 - 01:00:28] Запрос 'additionally' от 685865278 (@Kkleytt)
[11.02.2025 - 01:00:30] Запрос 'additionally_aerodynamics' от 685865278 (@Kkleytt)
[11.02.2025 - 01:00:31] Запрос 'additionally' от 685865278 (@Kkleytt)
[11.02.2025 - 01:00:33] Запрос 'menu' от 685865278 (@Kkleytt)
[11.02.2025 - 01:02:58] Запуск Telegram-бота с TOKEN=7902542664:AAHoujbcWv6zmcXmM0KgSWTEim1FLBVSf2g
[11.02.2025 - 01:03:00] Команда '/start' от 685865278 (@Kkleytt) [Фёдор Корниецкий]
[11.02.2025 - 01:03:30] Команда '/start' от 685865278 (@Kkleytt) [Фёдор Корниецкий]
[11.02.2025 - 01:05:03] Запуск Telegram-бота с TOKEN=7902542664:AAHoujbcWv6zmcXmM0KgSWTEim1FLBVSf2g
[11.02.2025 - 01:05:10] Команда '/start' от 685865278 (@Kkleytt) [Фёдор Корниецкий]
[11.02.2025 - 01:05:15] Команда '/start' от 685865278 (@Kkleytt) [Фёдор Корниецкий]
[11.02.2025 - 01:08:20] Запуск Telegram-бота с TOKEN=7902542664:AAHoujbcWv6zmcXmM0KgSWTEim1FLBVSf2g
[11.02.2025 - 01:08:22] Команда '/start' от 685865278 (@Kkleytt) [Фёдор Корниецкий]
[11.02.2025 - 01:08:29] Команда '/start' от 685865278 (@Kkleytt) [Фёдор Корниецкий]
[11.02.2025 - 01:08:30] Запрос 'menu' от 685865278 (@Kkleytt)
[11.02.2025 - 01:08:32] Запрос 'airtime' от 685865278 (@Kkleytt)
[11.02.2025 - 01:08:35] Запрос 'menu' от 685865278 (@Kkleytt)
[11.02.2025 - 01:08:36] Запрос 'about' от 685865278 (@Kkleytt)
[11.02.2025 - 01:08:37] Запрос 'about_director' от 685865278 (@Kkleytt)
[11.02.2025 - 01:08:39] Запрос 'about' от 685865278 (@Kkleytt)
[11.02.2025 - 01:08:45] Запрос 'menu' от 685865278 (@Kkleytt)
[11.02.2025 - 01:09:03] Команда '/start' от 685865278 (@Kkleytt) [Фёдор Корниецкий]
[11.02.2025 - 01:09:09] Запрос 'menu' от 685865278 (@Kkleytt)
[11.02.2025 - 01:09:11] Запрос 'about' от 685865278 (@Kkleytt)
[11.02.2025 - 01:09:15] Запрос 'about_contacts' от 685865278 (@Kkleytt)
[11.02.2025 - 01:09:17] Запрос 'about' от 685865278 (@Kkleytt)
[11.02.2025 - 01:09:18] Запрос 'menu' от 685865278 (@Kkleytt)
[11.02.2025 - 01:09:35] Запрос 'additionally' от 685865278 (@Kkleytt)
[11.02.2025 - 01:09:37] Запрос 'menu' от 685865278 (@Kkleytt)
[11.02.2025 - 01:09:39] Запрос 'airtime' от 685865278 (@Kkleytt)
[11.02.2025 - 01:09:40] Запрос 'airtime_divepool' от 685865278 (@Kkleytt)
[11.02.2025 - 01:09:42] Запрос 'airtime' от 685865278 (@Kkleytt)
[11.02.2025 - 01:09:43] Запрос 'menu' от 685865278 (@Kkleytt)
[11.02.2025 - 01:28:12] Запуск Telegram-бота с TOKEN=7902542664:AAHoujbcWv6zmcXmM0KgSWTEim1FLBVSf2g
[11.02.2025 - 01:28:25] Команда '/start' от (@Kkleytt) [Фёдор Корниецкий]
[11.02.2025 - 01:28:27] Запрос 'menu' от Kkleytt (@Фёдор Корниецкий)
[11.02.2025 - 01:28:49] Запрос 'airtime' от Kkleytt (@Фёдор Корниецкий)
[11.02.2025 - 01:28:51] Запрос 'menu' от Kkleytt (@Фёдор Корниецкий)
[11.02.2025 - 01:28:52] Запрос 'about' от Kkleytt (@Фёдор Корниецкий)
[11.02.2025 - 01:28:53] Запрос 'about_director' от Kkleytt (@Фёдор Корниецкий)
[11.02.2025 - 01:28:54] Запрос 'about' от Kkleytt (@Фёдор Корниецкий)
[11.02.2025 - 01:38:57] Запуск Telegram-бота с TOKEN=7902542664:AAHoujbcWv6zmcXmM0KgSWTEim1FLBVSf2g
[11.02.2025 - 01:38:59] Запрос 'menu' от @Kkleytt [Фёдор Корниецкий]
[11.02.2025 - 01:45:41] Запуск Telegram-бота с TOKEN=7902542664:AAHoujbcWv6zmcXmM0KgSWTEim1FLBVSf2g
[11.02.2025 - 01:45:45] Запрос 'about' от @Kkleytt [Фёдор Корниецкий]
[11.02.2025 - 01:45:46] Запрос 'menu' от @Kkleytt [Фёдор Корниецкий]
[11.02.2025 - 01:46:05] Запуск Telegram-бота с TOKEN=7902542664:AAHoujbcWv6zmcXmM0KgSWTEim1FLBVSf2g
[11.02.2025 - 01:46:09] Команда '/start' от (@Kkleytt) [Фёдор Корниецкий]
[11.02.2025 - 01:46:13] Запрос 'menu' от @Kkleytt [Фёдор Корниецкий]
[11.02.2025 - 01:46:13] ❌ Ошибка редактирования сообщения: Telegram server says - Bad Request: message is not modified: specified new message content and reply markup are exactly the same as a current content and reply markup of the message
[11.02.2025 - 01:48:19] Запуск Telegram-бота с TOKEN=7902542664:AAHoujbcWv6zmcXmM0KgSWTEim1FLBVSf2g
[11.02.2025 - 01:48:20] Команда '/start' от (@Kkleytt) [Фёдор Корниецкий]
[11.02.2025 - 01:48:22] Запрос 'menu' от @Kkleytt [Фёдор Корниецкий]
[11.02.2025 - 01:48:22] ❌ Ошибка редактирования сообщения: Telegram server says - Bad Request: message to edit not found
[11.02.2025 - 01:48:22] Error in module send_message - Telegram server says - Bad Request: message to delete not found
[11.02.2025 - 01:50:14] Запуск Telegram-бота с TOKEN=7902542664:AAHoujbcWv6zmcXmM0KgSWTEim1FLBVSf2g
[11.02.2025 - 01:50:19] Команда '/start' от (@Kkleytt) [Фёдор Корниецкий]
[11.02.2025 - 01:50:20] Запрос 'menu' от @Kkleytt [Фёдор Корниецкий]
[11.02.2025 - 01:50:20] ❌ Ошибка редактирования сообщения: Telegram server says - Bad Request: message to edit not found
[11.02.2025 - 01:50:20] Error in module send_message - Telegram server says - Bad Request: message to delete not found
[11.02.2025 - 01:52:18] Запуск Telegram-бота с TOKEN=7902542664:AAHoujbcWv6zmcXmM0KgSWTEim1FLBVSf2g
[11.02.2025 - 01:52:27] Команда '/start' от (@Kkleytt) [Фёдор Корниецкий]
[11.02.2025 - 01:52:32] Команда '/start' от (@Kkleytt) [Фёдор Корниецкий]
[11.02.2025 - 01:53:00] Запуск Telegram-бота с TOKEN=7902542664:AAHoujbcWv6zmcXmM0KgSWTEim1FLBVSf2g
[11.02.2025 - 01:53:05] Команда '/start' от (@Kkleytt) [Фёдор Корниецкий]
[11.02.2025 - 01:53:31] Запуск Telegram-бота с TOKEN=7902542664:AAHoujbcWv6zmcXmM0KgSWTEim1FLBVSf2g
[11.02.2025 - 01:53:35] Команда '/start' от (@Kkleytt) [Фёдор Корниецкий]
[11.02.2025 - 01:53:37] Запрос 'menu' от @Kkleytt [Фёдор Корниецкий]
[11.02.2025 - 01:53:39] Запрос 'airtime' от @Kkleytt [Фёдор Корниецкий]
[11.02.2025 - 01:53:41] Запрос 'airtime_divepool' от @Kkleytt [Фёдор Корниецкий]
[11.02.2025 - 01:53:42] Запрос 'airtime' от @Kkleytt [Фёдор Корниецкий]
[11.02.2025 - 01:53:46] Запрос 'airtime_ga4' от @Kkleytt [Фёдор Корниецкий]
[11.02.2025 - 01:53:49] Запрос 'airtime_double' от @Kkleytt [Фёдор Корниецкий]
[11.02.2025 - 01:53:50] Запрос 'airtime_test' от @Kkleytt [Фёдор Корниецкий]
[11.02.2025 - 01:53:52] Запрос 'airtime' от @Kkleytt [Фёдор Корниецкий]
[11.02.2025 - 01:53:53] Запрос 'airtime_first' от @Kkleytt [Фёдор Корниецкий]
[11.02.2025 - 01:53:54] Запрос 'airtime' от @Kkleytt [Фёдор Корниецкий]
[11.02.2025 - 01:53:56] Запрос 'menu' от @Kkleytt [Фёдор Корниецкий]
[11.02.2025 - 01:53:57] Запрос 'about' от @Kkleytt [Фёдор Корниецкий]
[11.02.2025 - 01:53:58] Запрос 'about_director' от @Kkleytt [Фёдор Корниецкий]
[11.02.2025 - 01:54:00] Запрос 'about_double' от @Kkleytt [Фёдор Корниецкий]
[11.02.2025 - 01:54:01] Запрос 'about_trainer_0' от @Kkleytt [Фёдор Корниецкий]
[11.02.2025 - 01:54:03] Запрос 'about_trainer_1' от @Kkleytt [Фёдор Корниецкий]
[11.02.2025 - 01:54:04] Запрос 'about_trainer_2' от @Kkleytt [Фёдор Корниецкий]
[11.02.2025 - 01:54:06] Запрос 'about_double' от @Kkleytt [Фёдор Корниецкий]
[11.02.2025 - 01:54:07] Запрос 'about_trainer_0' от @Kkleytt [Фёдор Корниецкий]
[11.02.2025 - 01:54:09] Запрос 'about_trainer_1' от @Kkleytt [Фёдор Корниецкий]
[11.02.2025 - 01:54:10] Запрос 'about_double' от @Kkleytt [Фёдор Корниецкий]
[11.02.2025 - 01:54:12] Запрос 'about_trainer_0' от @Kkleytt [Фёдор Корниецкий]
[11.02.2025 - 01:54:13] Запрос 'about_double' от @Kkleytt [Фёдор Корниецкий]
[11.02.2025 - 01:54:15] Запрос 'about_trainer_0' от @Kkleytt [Фёдор Корниецкий]
[11.02.2025 - 01:54:17] Запрос 'about_trainer_1' от @Kkleytt [Фёдор Корниецкий]
[11.02.2025 - 01:54:18] Запрос 'about_trainer_0_double' от @Kkleytt [Фёдор Корниецкий]
[11.02.2025 - 01:54:19] Запрос 'about_double' от @Kkleytt [Фёдор Корниецкий]
[11.02.2025 - 01:54:22] Запрос 'about_mission' от @Kkleytt [Фёдор Корниецкий]
[11.02.2025 - 01:54:23] Запрос 'about' от @Kkleytt [Фёдор Корниецкий]
[11.02.2025 - 01:54:25] Запрос 'about_contacts' от @Kkleytt [Фёдор Корниецкий]
[11.02.2025 - 01:54:26] Запрос 'about' от @Kkleytt [Фёдор Корниецкий]
[11.02.2025 - 01:54:27] Запрос 'menu' от @Kkleytt [Фёдор Корниецкий]
[11.02.2025 - 01:54:28] Запрос 'additionally' от @Kkleytt [Фёдор Корниецкий]
[11.02.2025 - 01:54:29] Запрос 'additionally_aerodynamics' от @Kkleytt [Фёдор Корниецкий]
[11.02.2025 - 01:54:31] Запрос 'additionally_double' от @Kkleytt [Фёдор Корниецкий]
[11.02.2025 - 01:54:33] Запрос 'additionally_maps' от @Kkleytt [Фёдор Корниецкий]
[11.02.2025 - 01:54:34] Запрос 'additionally_double' от @Kkleytt [Фёдор Корниецкий]
[11.02.2025 - 01:54:35] Запрос 'additionally_weather' от @Kkleytt [Фёдор Корниецкий]
[11.02.2025 - 01:54:37] Запрос 'additionally' от @Kkleytt [Фёдор Корниецкий]
[11.02.2025 - 01:54:39] Запрос 'menu' от @Kkleytt [Фёдор Корниецкий]
[11.02.2025 - 01:54:40] Запрос 'competitions' от @Kkleytt [Фёдор Корниецкий]
[11.02.2025 - 01:54:41] Запрос 'competitions_flycontest' от @Kkleytt [Фёдор Корниецкий]
[11.02.2025 - 01:54:42] Запрос 'competitions' от @Kkleytt [Фёдор Корниецкий]
[11.02.2025 - 01:54:44] Запрос 'competitions_rules' от @Kkleytt [Фёдор Корниецкий]
[11.02.2025 - 01:54:46] Запрос 'competitions_double' от @Kkleytt [Фёдор Корниецкий]
[11.02.2025 - 01:54:47] Запрос 'competitions_standards' от @Kkleytt [Фёдор Корниецкий]
[11.02.2025 - 01:54:49] Запрос 'competitions_double' от @Kkleytt [Фёдор Корниецкий]
[11.02.2025 - 01:54:50] Запрос 'competitions_calendar' от @Kkleytt [Фёдор Корниецкий]
[11.02.2025 - 01:54:51] Запрос 'competitions' от @Kkleytt [Фёдор Корниецкий]
[11.02.2025 - 01:54:53] Запрос 'menu' от @Kkleytt [Фёдор Корниецкий]
[11.02.2025 - 01:54:54] Запрос 'jumping' от @Kkleytt [Фёдор Корниецкий]
[11.02.2025 - 01:54:55] Запрос 'jumping_aff_0' от @Kkleytt [Фёдор Корниецкий]
[11.02.2025 - 01:54:58] Запрос 'jumping_aff_1' от @Kkleytt [Фёдор Корниецкий]
[11.02.2025 - 01:55:00] Запрос 'jumping_aff_0_double' от @Kkleytt [Фёдор Корниецкий]
[11.02.2025 - 01:55:02] Запрос 'jumping_double' от @Kkleytt [Фёдор Корниецкий]
[11.02.2025 - 01:55:04] Запрос 'jumping_aff_0' от @Kkleytt [Фёдор Корниецкий]
[11.02.2025 - 01:55:06] Запрос 'jumping_double' от @Kkleytt [Фёдор Корниецкий]
[11.02.2025 - 01:55:07] Запрос 'jumping_aff_0' от @Kkleytt [Фёдор Корниецкий]
[11.02.2025 - 01:55:09] Запрос 'jumping_aff_1' от @Kkleytt [Фёдор Корниецкий]
[11.02.2025 - 01:55:11] Запрос 'jumping_double' от @Kkleytt [Фёдор Корниецкий]
[11.02.2025 - 01:55:13] Запрос 'jumping_forester' от @Kkleytt [Фёдор Корниецкий]
[11.02.2025 - 01:55:15] Запрос 'jumping' от @Kkleytt [Фёдор Корниецкий]
[11.02.2025 - 01:55:16] Запрос 'jumping_install' от @Kkleytt [Фёдор Корниецкий]
[11.02.2025 - 01:55:18] Запрос 'jumping' от @Kkleytt [Фёдор Корниецкий]
[11.02.2025 - 01:55:20] Запрос 'jumping_piloting' от @Kkleytt [Фёдор Корниецкий]
[11.02.2025 - 01:55:22] Запрос 'jumping_double' от @Kkleytt [Фёдор Корниецкий]
[11.02.2025 - 01:55:23] Запрос 'jumping_special' от @Kkleytt [Фёдор Корниецкий]
[11.02.2025 - 01:55:25] Запрос 'jumping_double' от @Kkleytt [Фёдор Корниецкий]
[11.02.2025 - 01:55:27] Запрос 'jumping_refusals' от @Kkleytt [Фёдор Корниецкий]
[11.02.2025 - 01:55:29] Запрос 'jumping_double' от @Kkleytt [Фёдор Корниецкий]
[11.02.2025 - 01:55:31] Запрос 'jumping_equipment' от @Kkleytt [Фёдор Корниецкий]
[11.02.2025 - 01:55:32] Запрос 'jumping' от @Kkleytt [Фёдор Корниецкий]
[11.02.2025 - 01:55:33] Запрос 'jumping_documents' от @Kkleytt [Фёдор Корниецкий]
[11.02.2025 - 01:55:35] Запрос 'jumping' от @Kkleytt [Фёдор Корниецкий]
[11.02.2025 - 01:55:36] Запрос 'jumping_more' от @Kkleytt [Фёдор Корниецкий]
[11.02.2025 - 01:55:37] Запрос 'jumping_more_start' от @Kkleytt [Фёдор Корниецкий]
[11.02.2025 - 01:55:39] Запрос 'jumping_more' от @Kkleytt [Фёдор Корниецкий]
[11.02.2025 - 01:55:40] Запрос 'jumping_more_maps' от @Kkleytt [Фёдор Корниецкий]
[11.02.2025 - 01:55:42] Запрос 'jumping_more' от @Kkleytt [Фёдор Корниецкий]
[11.02.2025 - 01:55:43] Запрос 'jumping_more_watch' от @Kkleytt [Фёдор Корниецкий]
[11.02.2025 - 01:55:45] Запрос 'jumping_more' от @Kkleytt [Фёдор Корниецкий]
[11.02.2025 - 01:55:46] Запрос 'jumping_more_insurance' от @Kkleytt [Фёдор Корниецкий]
[11.02.2025 - 01:55:48] Запрос 'jumping_more' от @Kkleytt [Фёдор Корниецкий]
[11.02.2025 - 01:55:49] Запрос 'jumping' от @Kkleytt [Фёдор Корниецкий]
[11.02.2025 - 01:55:51] Запрос 'menu' от @Kkleytt [Фёдор Корниецкий]
[11.02.2025 - 01:55:55] Запрос 'airtime' от @Kkleytt [Фёдор Корниецкий]
[11.02.2025 - 01:55:56] Запрос 'airtime_divepool' от @Kkleytt [Фёдор Корниецкий]
[11.02.2025 - 01:55:57] Запрос 'airtime_divepool_two' от @Kkleytt [Фёдор Корниецкий]
[11.02.2025 - 01:55:59] Запрос 'airtime_divepool_double' от @Kkleytt [Фёдор Корниецкий]
[11.02.2025 - 01:56:01] Запрос 'airtime_divepool_four_0' от @Kkleytt [Фёдор Корниецкий]
[11.02.2025 - 01:56:02] Запрос 'airtime_divepool_four_1' от @Kkleytt [Фёдор Корниецкий]
[11.02.2025 - 01:56:04] Запрос 'airtime_divepool_four_2' от @Kkleytt [Фёдор Корниецкий]
[11.02.2025 - 01:56:05] Запрос 'airtime_divepool_four_3' от @Kkleytt [Фёдор Корниецкий]
[11.02.2025 - 01:56:07] Запрос 'airtime_divepool_four_2' от @Kkleytt [Фёдор Корниецкий]
[11.02.2025 - 01:56:08] Запрос 'airtime_divepool_four_1' от @Kkleytt [Фёдор Корниецкий]
[11.02.2025 - 01:56:10] Запрос 'airtime_divepool_four_0_double' от @Kkleytt [Фёдор Корниецкий]
[11.02.2025 - 01:56:11] Запрос 'airtime_divepool_double' от @Kkleytt [Фёдор Корниецкий]
[11.02.2025 - 01:56:14] Запрос 'airtime_divepool_four_0' от @Kkleytt [Фёдор Корниецкий]
[11.02.2025 - 01:56:16] Запрос 'airtime_divepool_double' от @Kkleytt [Фёдор Корниецкий]
[11.02.2025 - 01:56:17] Запрос 'airtime_divepool_four_0' от @Kkleytt [Фёдор Корниецкий]
[11.02.2025 - 01:56:19] Запрос 'airtime_divepool_four_1' от @Kkleytt [Фёдор Корниецкий]
[11.02.2025 - 01:56:20] Запрос 'airtime_divepool_double' от @Kkleytt [Фёдор Корниецкий]
[11.02.2025 - 01:56:21] Запрос 'airtime_divepool_four_0' от @Kkleytt [Фёдор Корниецкий]
[11.02.2025 - 01:56:22] Запрос 'airtime_divepool_four_1' от @Kkleytt [Фёдор Корниецкий]
[11.02.2025 - 01:56:24] Запрос 'airtime_divepool_four_2' от @Kkleytt [Фёдор Корниецкий]
[11.02.2025 - 01:56:25] Запрос 'airtime_divepool_double' от @Kkleytt [Фёдор Корниецкий]
[11.02.2025 - 01:56:26] Запрос 'airtime_divepool_four_0' от @Kkleytt [Фёдор Корниецкий]
[11.02.2025 - 01:56:28] Запрос 'airtime_divepool_four_1' от @Kkleytt [Фёдор Корниецкий]
[11.02.2025 - 01:56:28] Запрос 'airtime_divepool_four_2' от @Kkleytt [Фёдор Корниецкий]
[11.02.2025 - 01:56:29] Запрос 'airtime_divepool_four_3' от @Kkleytt [Фёдор Корниецкий]
[11.02.2025 - 01:56:30] Запрос 'airtime_divepool_double' от @Kkleytt [Фёдор Корниецкий]
[11.02.2025 - 01:56:32] Запрос 'airtime_divepool_eight' от @Kkleytt [Фёдор Корниецкий]
[11.02.2025 - 01:56:34] Запрос 'airtime_divepool_double' от @Kkleytt [Фёдор Корниецкий]
[11.02.2025 - 01:56:36] Запрос 'airtime' от @Kkleytt [Фёдор Корниецкий]
[11.02.2025 - 01:56:38] Запрос 'airtime_ga4' от @Kkleytt [Фёдор Корниецкий]
[11.02.2025 - 01:56:40] Запрос 'airtime_double' от @Kkleytt [Фёдор Корниецкий]
[11.02.2025 - 01:56:41] Запрос 'airtime_test' от @Kkleytt [Фёдор Корниецкий]
[11.02.2025 - 01:56:43] Запрос 'airtime' от @Kkleytt [Фёдор Корниецкий]
[11.02.2025 - 01:56:44] Запрос 'airtime_first' от @Kkleytt [Фёдор Корниецкий]
[11.02.2025 - 01:56:46] Запрос 'airtime' от @Kkleytt [Фёдор Корниецкий]
[11.02.2025 - 01:56:47] Запрос 'airtime_apps' от @Kkleytt [Фёдор Корниецкий]
[11.02.2025 - 01:56:49] Запрос 'airtime' от @Kkleytt [Фёдор Корниецкий]
[11.02.2025 - 01:56:50] Запрос 'airtime_equipment' от @Kkleytt [Фёдор Корниецкий]
[11.02.2025 - 01:56:52] Запрос 'airtime_double' от @Kkleytt [Фёдор Корниецкий]
[11.02.2025 - 01:56:53] Запрос 'airtime_buy' от @Kkleytt [Фёдор Корниецкий]
[11.02.2025 - 01:56:55] Запрос 'airtime' от @Kkleytt [Фёдор Корниецкий]
[11.02.2025 - 01:56:57] Запрос 'airtime_buy' от @Kkleytt [Фёдор Корниецкий]
[11.02.2025 - 01:57:11] Запрос 'airtime' от @Kkleytt [Фёдор Корниецкий]
[11.02.2025 - 01:57:12] Запрос 'airtime_locations' от @Kkleytt [Фёдор Корниецкий]
[11.02.2025 - 01:57:22] Запрос 'airtime' от @Kkleytt [Фёдор Корниецкий]
[11.02.2025 - 01:57:23] Запрос 'menu' от @Kkleytt [Фёдор Корниецкий]
[11.02.2025 - 01:57:29] Команда '/start' от (@Kkleytt) [Фёдор Корниецкий]
[11.02.2025 - 01:57:34] Запрос 'about' от @Kkleytt [Фёдор Корниецкий]
[11.02.2025 - 01:57:46] Команда '/start' от (@Kkleytt) [Фёдор Корниецкий]
[11.02.2025 - 02:03:03] Запуск Telegram-бота с TOKEN=7902542664:AAHoujbcWv6zmcXmM0KgSWTEim1FLBVSf2g
[11.02.2025 - 02:03:09] Команда '/start' от (@Kkleytt) [Фёдор Корниецкий]
[11.02.2025 - 02:03:20] Запрос 'menu' от @Kkleytt [Фёдор Корниецкий]
[11.02.2025 - 02:04:04] Запуск Telegram-бота с TOKEN=7902542664:AAHoujbcWv6zmcXmM0KgSWTEim1FLBVSf2g
[11.02.2025 - 02:04:16] Запрос 'airtime' от @Kkleytt [Фёдор Корниецкий]
[11.02.2025 - 02:04:18] Запрос 'airtime_divepool' от @Kkleytt [Фёдор Корниецкий]
[11.02.2025 - 02:04:19] Запрос 'airtime' от @Kkleytt [Фёдор Корниецкий]
[11.02.2025 - 02:04:20] Запрос 'menu' от @Kkleytt [Фёдор Корниецкий]
[11.02.2025 - 02:04:21] Запрос 'about' от @Kkleytt [Фёдор Корниецкий]
[11.02.2025 - 02:04:23] Запрос 'about_mission' от @Kkleytt [Фёдор Корниецкий]
[11.02.2025 - 02:04:24] Запрос 'about' от @Kkleytt [Фёдор Корниецкий]
[11.02.2025 - 02:04:26] Запрос 'menu' от @Kkleytt [Фёдор Корниецкий]
[11.02.2025 - 02:05:43] Запуск Telegram-бота с TOKEN=7902542664:AAHoujbcWv6zmcXmM0KgSWTEim1FLBVSf2g
[11.02.2025 - 02:05:47] Запрос 'airtime' от @Kkleytt [Фёдор Корниецкий]
[11.02.2025 - 02:05:47] ⚠️ Другая ошибка: 'Bot' object has no attribute 'update_time'
[11.02.2025 - 02:05:58] Команда '/start' от (@Kkleytt) [Фёдор Корниецкий]
[11.02.2025 - 02:05:59] Запрос 'menu' от @Kkleytt [Фёдор Корниецкий]
[11.02.2025 - 02:05:59] ⚠️ Другая ошибка: 'Bot' object has no attribute 'update_time'
[11.02.2025 - 02:07:18] Команда '/start' от (@Kkleytt) [Фёдор Корниецкий]
[11.02.2025 - 02:07:19] Запрос 'menu' от @Kkleytt [Фёдор Корниецкий]
[11.02.2025 - 02:07:20] ⚠️ Другая ошибка: 'Bot' object has no attribute 'update_time'
[11.02.2025 - 02:08:46] Запуск Telegram-бота с TOKEN=7902542664:AAHoujbcWv6zmcXmM0KgSWTEim1FLBVSf2g
[11.02.2025 - 02:08:51] Команда '/start' от (@Kkleytt) [Фёдор Корниецкий]
[11.02.2025 - 02:08:52] Запрос 'menu' от @Kkleytt [Фёдор Корниецкий]
[11.02.2025 - 02:09:11] Запрос 'about' от @Kkleytt [Фёдор Корниецкий]
[11.02.2025 - 02:16:31] Запуск Telegram-бота с TOKEN=7902542664:AAHoujbcWv6zmcXmM0KgSWTEim1FLBVSf2g
[11.02.2025 - 02:16:33] Запрос 'menu' от @Kkleytt [Фёдор Корниецкий]
[11.02.2025 - 02:16:37] Запрос 'airtime' от @Kkleytt [Фёдор Корниецкий]
[11.02.2025 - 02:16:41] Запрос 'airtime_test' от @Kkleytt [Фёдор Корниецкий]
[11.02.2025 - 15:14:59] Запрос 'airtime' от @llikht [•]
[11.02.2025 - 15:15:05] Команда '/start' от (@llikht) [•]
[11.02.2025 - 15:34:44] Запрос 'airtime' от @llikht [•]
[11.02.2025 - 15:34:53] Команда '/start' от (@llikht) [•]
[11.02.2025 - 15:35:04] Запрос 'airtime' от @llikht [•]
[11.02.2025 - 17:20:24] Запрос 'about' от @annatlsp [Anna Tlsp]
[11.02.2025 - 17:20:29] Запрос 'airtime' от @annatlsp [Anna Tlsp]
[11.02.2025 - 17:20:43] Запрос 'competitions' от @annatlsp [Anna Tlsp]
[11.02.2025 - 18:23:07] Команда '/start' от (@llikht) [•]
[11.02.2025 - 18:23:16] Команда '/start' от (@llikht) [•]
[11.02.2025 - 18:38:41] Команда '/start' от (@Kkleytt) [Фёдор Корниецкий]
[11.02.2025 - 18:39:07] Запуск Telegram-бота с TOKEN=7902542664:AAHoujbcWv6zmcXmM0KgSWTEim1FLBVSf2g
[11.02.2025 - 18:39:10] Команда '/start' от (@Kkleytt) [Фёдор Корниецкий]
[11.02.2025 - 18:39:52] Команда '/start' от (@llikht) [•]
[11.02.2025 - 18:39:58] Запрос 'menu' от @llikht [•]
[11.02.2025 - 18:40:00] Запрос 'airtime' от @llikht [•]
[11.02.2025 - 18:40:02] Запрос 'airtime_equipment' от @llikht [•]
[11.02.2025 - 18:40:05] Запрос 'airtime_double' от @llikht [•]
[11.02.2025 - 18:40:07] Запрос 'menu' от @llikht [•]
[11.02.2025 - 18:40:08] Запрос 'jumping' от @llikht [•]
[11.02.2025 - 18:40:11] Запрос 'jumping_refusals' от @llikht [•]
[11.02.2025 - 18:40:13] Запрос 'jumping_double' от @llikht [•]
[11.02.2025 - 18:40:15] Запрос 'jumping_special' от @llikht [•]
[11.02.2025 - 18:40:17] Запрос 'jumping_double' от @llikht [•]
[11.02.2025 - 18:40:19] Запрос 'jumping_forester' от @llikht [•]
[11.02.2025 - 18:40:22] Запрос 'jumping' от @llikht [•]
[11.02.2025 - 18:40:23] Запрос 'jumping_more' от @llikht [•]
[11.02.2025 - 18:40:25] Запрос 'jumping_more_insurance' от @llikht [•]
[11.02.2025 - 18:40:27] Запрос 'jumping_more' от @llikht [•]
[11.02.2025 - 18:40:28] Запрос 'jumping_more_watch' от @llikht [•]
[11.02.2025 - 18:40:29] Запрос 'jumping_more' от @llikht [•]
[11.02.2025 - 18:40:30] Запрос 'jumping' от @llikht [•]
[11.02.2025 - 18:40:31] Запрос 'jumping_more' от @llikht [•]
[11.02.2025 - 18:40:32] Запрос 'jumping' от @llikht [•]
[11.02.2025 - 18:40:34] Запрос 'menu' от @llikht [•]
[11.02.2025 - 18:40:36] Запрос 'competitions' от @llikht [•]
[11.02.2025 - 18:40:37] Запрос 'menu' от @llikht [•]
[11.02.2025 - 18:40:38] Запрос 'additionally' от @llikht [•]
[11.02.2025 - 18:40:41] Запрос 'menu' от @llikht [•]
[11.02.2025 - 18:40:42] Запрос 'about' от @llikht [•]
[11.02.2025 - 19:49:36] Запуск Telegram-бота с TOKEN=7902542664:AAHoujbcWv6zmcXmM0KgSWTEim1FLBVSf2g
[11.02.2025 - 19:50:00] Запрос 'menu' от @Kkleytt [Фёдор Корниецкий]
[11.02.2025 - 19:50:04] Запрос 'jumping' от @Kkleytt [Фёдор Корниецкий]
[11.02.2025 - 19:50:05] Запрос 'jumping_more' от @Kkleytt [Фёдор Корниецкий]
[11.02.2025 - 19:50:06] Запрос 'jumping_more_watch' от @Kkleytt [Фёдор Корниецкий]
[11.02.2025 - 19:51:10] Запрос 'jumping_more' от @Kkleytt [Фёдор Корниецкий]
[11.02.2025 - 19:51:11] ❌ Ошибка редактирования сообщения: Telegram server says - Bad Request: there is no text in the message to edit
[11.02.2025 - 19:52:15] Запуск Telegram-бота с TOKEN=7902542664:AAHoujbcWv6zmcXmM0KgSWTEim1FLBVSf2g
[11.02.2025 - 19:52:17] Команда '/start' от (@Kkleytt) [Фёдор Корниецкий]
[11.02.2025 - 19:52:18] Запрос 'menu' от @Kkleytt [Фёдор Корниецкий]
[11.02.2025 - 19:52:20] Запрос 'jumping' от @Kkleytt [Фёдор Корниецкий]
[11.02.2025 - 19:52:21] Запрос 'jumping_more' от @Kkleytt [Фёдор Корниецкий]
[11.02.2025 - 19:52:22] Запрос 'jumping_more_watch' от @Kkleytt [Фёдор Корниецкий]
[11.02.2025 - 19:52:25] Запрос 'jumping_more_double' от @Kkleytt [Фёдор Корниецкий]
[11.02.2025 - 19:52:28] Запрос 'jumping' от @Kkleytt [Фёдор Корниецкий]
[11.02.2025 - 19:52:29] Запрос 'menu' от @Kkleytt [Фёдор Корниецкий]
[11.02.2025 - 19:54:21] Запрос 'jumping' от @Kkleytt [Фёдор Корниецкий]
[11.02.2025 - 19:58:41] Запуск Telegram-бота с TOKEN=7902542664:AAHoujbcWv6zmcXmM0KgSWTEim1FLBVSf2g
[11.02.2025 - 19:58:42] Запрос 'menu' от @Kkleytt [Фёдор Корниецкий]
[11.02.2025 - 19:58:43] Запрос 'jumping' от @Kkleytt [Фёдор Корниецкий]
[11.02.2025 - 19:58:45] Запрос 'jumping_category' от @Kkleytt [Фёдор Корниецкий]
[11.02.2025 - 19:58:50] Запрос 'jumping' от @Kkleytt [Фёдор Корниецкий]
[11.02.2025 - 20:03:06] Запрос 'about' от @annatlsp [Anna Tlsp]
[11.02.2025 - 20:03:11] Запрос 'about' от @annatlsp [Anna Tlsp]
[11.02.2025 - 20:03:14] Запрос 'menu' от @None [•]
[11.02.2025 - 20:03:21] Запрос 'airtime' от @annatlsp [Anna Tlsp]
[11.02.2025 - 20:03:23] Запрос 'jumping' от @annatlsp [Anna Tlsp]
[11.02.2025 - 20:03:26] Запрос 'menu' от @None [•]
[11.02.2025 - 20:03:27] Команда '/start' от (@annatlsp) [Anna Tlsp]
[11.02.2025 - 20:03:30] Запрос 'additionally_aerodynamics' от @None [•]
[11.02.2025 - 20:03:38] Запрос 'menu' от @annatlsp [Anna Tlsp]
[11.02.2025 - 20:03:40] Запрос 'airtime' от @annatlsp [Anna Tlsp]
[11.02.2025 - 20:03:44] Запрос 'airtime_locations' от @annatlsp [Anna Tlsp]
[11.02.2025 - 20:03:45] Запрос 'airtime' от @annatlsp [Anna Tlsp]
[11.02.2025 - 20:03:47] Запрос 'menu' от @annatlsp [Anna Tlsp]
[11.02.2025 - 20:03:48] Запрос 'jumping' от @annatlsp [Anna Tlsp]
[11.02.2025 - 20:03:49] Запрос 'jumping_more' от @annatlsp [Anna Tlsp]
[11.02.2025 - 20:03:52] Запрос 'jumping_more_watch' от @annatlsp [Anna Tlsp]
[11.02.2025 - 20:03:54] Запрос 'jumping_more_double' от @annatlsp [Anna Tlsp]
[11.02.2025 - 20:03:56] Запрос 'jumping_more_start' от @annatlsp [Anna Tlsp]
[11.02.2025 - 20:05:01] Запрос 'jumping_more' от @annatlsp [Anna Tlsp]
[11.02.2025 - 20:05:04] Запрос 'jumping_more_insurance' от @annatlsp [Anna Tlsp]
[11.02.2025 - 20:05:06] Запрос 'jumping_more' от @annatlsp [Anna Tlsp]
[11.02.2025 - 20:05:07] Запрос 'jumping' от @annatlsp [Anna Tlsp]
[11.02.2025 - 20:05:09] Запрос 'jumping_category' от @annatlsp [Anna Tlsp]
[11.02.2025 - 20:05:13] Запрос 'jumping' от @annatlsp [Anna Tlsp]
[11.02.2025 - 20:05:15] Запрос 'jumping_special' от @annatlsp [Anna Tlsp]
[11.02.2025 - 20:05:17] Запрос 'jumping_double' от @annatlsp [Anna Tlsp]
[11.02.2025 - 20:05:19] Запрос 'jumping_refusals' от @annatlsp [Anna Tlsp]
[11.02.2025 - 20:05:20] Запрос 'jumping_double' от @annatlsp [Anna Tlsp]
[11.02.2025 - 20:05:21] Запрос 'jumping_documents' от @annatlsp [Anna Tlsp]
[11.02.2025 - 20:05:26] Запрос 'jumping' от @annatlsp [Anna Tlsp]
[11.02.2025 - 20:05:27] Запрос 'jumping_install' от @annatlsp [Anna Tlsp]
[11.02.2025 - 20:05:28] Запрос 'jumping' от @annatlsp [Anna Tlsp]
[11.02.2025 - 20:05:29] Запрос 'jumping_documents' от @annatlsp [Anna Tlsp]
[11.02.2025 - 20:05:31] Запрос 'jumping' от @annatlsp [Anna Tlsp]
[11.02.2025 - 20:05:32] Запрос 'jumping_more' от @annatlsp [Anna Tlsp]
[11.02.2025 - 20:05:33] Запрос 'jumping' от @annatlsp [Anna Tlsp]
[11.02.2025 - 20:05:34] Запрос 'jumping_forester' от @annatlsp [Anna Tlsp]
[11.02.2025 - 20:05:36] Запрос 'jumping' от @annatlsp [Anna Tlsp]
[11.02.2025 - 20:05:37] Запрос 'jumping_aff_0' от @annatlsp [Anna Tlsp]
[11.02.2025 - 20:05:38] Запрос 'jumping_aff_1' от @annatlsp [Anna Tlsp]
[11.02.2025 - 20:05:47] Запрос 'jumping_double' от @annatlsp [Anna Tlsp]
[11.02.2025 - 20:05:51] Запрос 'menu' от @annatlsp [Anna Tlsp]
[11.02.2025 - 20:05:52] Запрос 'competitions' от @annatlsp [Anna Tlsp]
[11.02.2025 - 20:05:53] Запрос 'menu' от @annatlsp [Anna Tlsp]
[11.02.2025 - 20:05:54] Запрос 'additionally' от @annatlsp [Anna Tlsp]
[11.02.2025 - 20:05:56] Запрос 'additionally_weather' от @annatlsp [Anna Tlsp]
[11.02.2025 - 20:05:58] Запрос 'additionally' от @annatlsp [Anna Tlsp]
[11.02.2025 - 20:06:00] Запрос 'additionally_maps' от @annatlsp [Anna Tlsp]
[11.02.2025 - 20:06:01] Запрос 'additionally_double' от @annatlsp [Anna Tlsp]
[11.02.2025 - 20:06:03] Запрос 'additionally_aerodynamics' от @annatlsp [Anna Tlsp]
[11.02.2025 - 20:06:04] Запрос 'additionally_double' от @annatlsp [Anna Tlsp]
[11.02.2025 - 20:06:05] Запрос 'menu' от @annatlsp [Anna Tlsp]
[11.02.2025 - 20:06:07] Запрос 'about' от @annatlsp [Anna Tlsp]
[11.02.2025 - 20:06:08] Запрос 'about_trainer_0' от @annatlsp [Anna Tlsp]
[11.02.2025 - 20:06:10] Запрос 'about_trainer_1' от @annatlsp [Anna Tlsp]
[11.02.2025 - 20:06:11] Запрос 'about_trainer_2' от @annatlsp [Anna Tlsp]
[11.02.2025 - 20:06:12] Запрос 'about_double' от @annatlsp [Anna Tlsp]
[11.02.2025 - 20:06:14] Запрос 'about_director' от @annatlsp [Anna Tlsp]
[11.02.2025 - 20:06:15] Запрос 'about_double' от @annatlsp [Anna Tlsp]
[11.02.2025 - 20:06:16] Запрос 'about_mission' от @annatlsp [Anna Tlsp]
[11.02.2025 - 20:06:17] Запрос 'about' от @annatlsp [Anna Tlsp]
[11.02.2025 - 20:06:18] Запрос 'about_contacts' от @annatlsp [Anna Tlsp]
[11.02.2025 - 20:06:21] Запрос 'about' от @annatlsp [Anna Tlsp]
[11.02.2025 - 20:06:22] Запрос 'menu' от @annatlsp [Anna Tlsp]
[11.02.2025 - 20:33:05] Запуск Telegram-бота с TOKEN=7902542664:AAHoujbcWv6zmcXmM0KgSWTEim1FLBVSf2g
[11.02.2025 - 20:33:17] Запрос 'menu' от @Kkleytt [Фёдор Корниецкий]
[11.02.2025 - 20:33:20] Запрос 'jumping' от @Kkleytt [Фёдор Корниецкий]
[11.02.2025 - 20:33:22] Запрос 'jumping_more' от @Kkleytt [Фёдор Корниецкий]
[11.02.2025 - 20:33:23] Запрос 'jumping_more_start' от @Kkleytt [Фёдор Корниецкий]
[11.02.2025 - 20:33:38] Запрос 'jumping_more' от @Kkleytt [Фёдор Корниецкий]
[11.02.2025 - 20:33:39] Запрос 'jumping' от @Kkleytt [Фёдор Корниецкий]
[11.02.2025 - 20:33:41] Запрос 'menu' от @Kkleytt [Фёдор Корниецкий]
[11.02.2025 - 20:44:53] Запуск Telegram-бота с TOKEN=7902542664:AAHoujbcWv6zmcXmM0KgSWTEim1FLBVSf2g
[11.02.2025 - 20:45:46] Запуск Telegram-бота с TOKEN=7902542664:AAHoujbcWv6zmcXmM0KgSWTEim1FLBVSf2g
[11.02.2025 - 20:48:36] Запуск Telegram-бота с TOKEN=7902542664:AAHoujbcWv6zmcXmM0KgSWTEim1FLBVSf2g
[11.02.2025 - 20:57:14] Запрос 'airtime' от @Kkleytt [Фёдор Корниецкий]
[11.02.2025 - 20:57:17] Запрос 'menu' от @Kkleytt [Фёдор Корниецкий]
[11.02.2025 - 20:57:19] Запрос 'jumping' от @Kkleytt [Фёдор Корниецкий]
[11.02.2025 - 20:57:20] Запрос 'menu' от @Kkleytt [Фёдор Корниецкий]
[11.02.2025 - 20:57:21] Запрос 'competitions' от @Kkleytt [Фёдор Корниецкий]
[11.02.2025 - 20:57:23] Запрос 'menu' от @Kkleytt [Фёдор Корниецкий]
