[12.02.2025 - 02:09:25] Запуск Telegram-бота с TOKEN=7902542664:AAHoujbcWv6zmcXmM0KgSWTEim1FLBVSf2g
[12.02.2025 - 02:09:36] Команда '/info' от (@Kkleytt) [Фёдор Корниецкий]
[12.02.2025 - 02:09:36] ❌ Ошибка редактирования сообщения: Telegram server says - Bad Request: can't parse entities: Character '.' is reserved and must be escaped with the preceding '\'
[12.02.2025 - 02:11:32] Запуск Telegram-бота с TOKEN=7902542664:AAHoujbcWv6zmcXmM0KgSWTEim1FLBVSf2g
[12.02.2025 - 02:11:33] Команда '/start' от (@Kkleytt) [Фёдор Корниецкий]
[12.02.2025 - 02:11:37] Команда '/info' от (@Kkleytt) [Фёдор Корниецкий]
[12.02.2025 - 02:11:37] ❌ Ошибка редактирования сообщения: Telegram server says - Bad Request: can't parse entities: Character '{' is reserved and must be escaped with the preceding '\'
[12.02.2025 - 02:14:45] Запуск Telegram-бота с TOKEN=7902542664:AAHoujbcWv6zmcXmM0KgSWTEim1FLBVSf2g
[12.02.2025 - 02:14:45] Команда '/start' от (@Kkleytt) [Фёдор Корниецкий]
[12.02.2025 - 02:14:49] Команда '/info' от (@Kkleytt) [Фёдор Корниецкий]
[12.02.2025 - 02:14:49] ❌ Ошибка редактирования сообщения: Telegram server says - Bad Request: can't parse entities: Character '.' is reserved and must be escaped with the preceding '\'
[12.02.2025 - 02:15:30] Запуск Telegram-бота с TOKEN=7902542664:AAHoujbcWv6zmcXmM0KgSWTEim1FLBVSf2g
[12.02.2025 - 02:15:31] Команда '/start' от (@Kkleytt) [Фёдор Корниецкий]
[12.02.2025 - 02:15:34] Команда '/info' от (@Kkleytt) [Фёдор Корниецкий]
[12.02.2025 - 02:15:34] ❌ Ошибка редактирования сообщения: Telegram server says - Bad Request: can't parse entities: Character '.' is reserved and must be escaped with the preceding '\'
[12.02.2025 - 02:16:11] Запуск Telegram-бота с TOKEN=7902542664:AAHoujbcWv6zmcXmM0KgSWTEim1FLBVSf2g
[12.02.2025 - 02:17:06] Запуск Telegram-бота с TOKEN=7902542664:AAHoujbcWv6zmcXmM0KgSWTEim1FLBVSf2g
[12.02.2025 - 02:17:07] Команда '/start' от (@Kkleytt) [Фёдор Корниецкий]
[12.02.2025 - 02:17:10] Команда '/info' от (@Kkleytt) [Фёдор Корниецкий]
[12.02.2025 - 02:17:32] Запуск Telegram-бота с TOKEN=7902542664:AAHoujbcWv6zmcXmM0KgSWTEim1FLBVSf2g
[12.02.2025 - 02:17:35] Команда '/info' от (@Kkleytt) [Фёдор Корниецкий]
[12.02.2025 - 02:17:35] ❌ Ошибка редактирования сообщения: Telegram server says - Bad Request: message is not modified: specified new message content and reply markup are exactly the same as a current content and reply markup of the message
[12.02.2025 - 02:17:39] Команда '/start' от (@Kkleytt) [Фёдор Корниецкий]
[12.02.2025 - 02:17:41] Команда '/info' от (@Kkleytt) [Фёдор Корниецкий]
[12.02.2025 - 02:18:48] Запуск Telegram-бота с TOKEN=7902542664:AAHoujbcWv6zmcXmM0KgSWTEim1FLBVSf2g
[12.02.2025 - 02:18:50] Команда '/info' от (@Kkleytt) [Фёдор Корниецкий]
[12.02.2025 - 02:21:40] Команда '/start' от (@Kkleytt) [Фёдор Корниецкий]
[12.02.2025 - 02:21:44] Запрос 'menu' от @Kkleytt [Фёдор Корниецкий]
[12.02.2025 - 02:21:46] Запрос 'about' от @Kkleytt [Фёдор Корниецкий]
[12.02.2025 - 02:21:48] Запрос 'about_trainer_0' от @Kkleytt [Фёдор Корниецкий]
[12.02.2025 - 02:21:49] Запрос 'about_trainer_1' от @Kkleytt [Фёдор Корниецкий]
[12.02.2025 - 02:21:51] Запрос 'about_trainer_2' от @Kkleytt [Фёдор Корниецкий]
[12.02.2025 - 02:24:44] Запуск Telegram-бота с TOKEN=7902542664:AAHoujbcWv6zmcXmM0KgSWTEim1FLBVSf2g
[12.02.2025 - 02:24:47] Команда '/start' от (@Kkleytt) [Фёдор Корниецкий]
[12.02.2025 - 02:24:52] Команда '/info' от (@Kkleytt) [Фёдор Корниецкий]
[12.02.2025 - 02:27:44] Запуск Telegram-бота с TOKEN=7902542664:AAHoujbcWv6zmcXmM0KgSWTEim1FLBVSf2g
[12.02.2025 - 02:27:46] Команда '/info' от (@Kkleytt) [Фёдор Корниецкий]
[12.02.2025 - 02:28:06] Запрос 'menu' от @Kkleytt [Фёдор Корниецкий]
[12.02.2025 - 02:28:09] Запрос 'about' от @Kkleytt [Фёдор Корниецкий]
[12.02.2025 - 02:28:14] Запрос 'menu' от @Kkleytt [Фёдор Корниецкий]
[12.02.2025 - 02:39:21] Команда '/info' от (@Kkleytt) [Фёдор Корниецкий]
[12.02.2025 - 02:39:53] Запрос 'about' от @Kkleytt [Фёдор Корниецкий]
[12.02.2025 - 02:39:56] Запрос 'about_director' от @Kkleytt [Фёдор Корниецкий]
[12.02.2025 - 02:40:10] Запрос 'about_double' от @Kkleytt [Фёдор Корниецкий]
[12.02.2025 - 02:40:11] Запрос 'about_trainer_0' от @Kkleytt [Фёдор Корниецкий]
[12.02.2025 - 02:40:31] Запрос 'about_trainer_1' от @Kkleytt [Фёдор Корниецкий]
[12.02.2025 - 02:40:38] Запрос 'about_trainer_0_double' от @Kkleytt [Фёдор Корниецкий]
[12.02.2025 - 02:40:42] Запрос 'about_trainer_1' от @Kkleytt [Фёдор Корниецкий]
[12.02.2025 - 02:40:48] Запрос 'about_trainer_0_double' от @Kkleytt [Фёдор Корниецкий]
[12.02.2025 - 02:40:52] Запрос 'about_trainer_1' от @Kkleytt [Фёдор Корниецкий]
[12.02.2025 - 02:40:54] Запрос 'about_trainer_2' от @Kkleytt [Фёдор Корниецкий]
[12.02.2025 - 02:40:59] Запрос 'about_trainer_1' от @Kkleytt [Фёдор Корниецкий]
[12.02.2025 - 02:41:00] Запрос 'about_trainer_2' от @Kkleytt [Фёдор Корниецкий]
[12.02.2025 - 02:41:12] Запрос 'about_trainer_1' от @Kkleytt [Фёдор Корниецкий]
[12.02.2025 - 02:41:13] Запрос 'about_trainer_0_double' от @Kkleytt [Фёдор Корниецкий]
[12.02.2025 - 02:41:15] Запрос 'about_double' от @Kkleytt [Фёдор Корниецкий]
[12.02.2025 - 02:41:17] Запрос 'about_mission' от @Kkleytt [Фёдор Корниецкий]
[12.02.2025 - 02:47:59] Запуск Telegram-бота с TOKEN=7902542664:AAHoujbcWv6zmcXmM0KgSWTEim1FLBVSf2g
[12.02.2025 - 02:48:01] Запрос 'about' от @Kkleytt [Фёдор Корниецкий]
[12.02.2025 - 02:48:02] Запрос 'about_mission' от @Kkleytt [Фёдор Корниецкий]
[12.02.2025 - 02:48:02] ❌ Ошибка редактирования сообщения: Telegram server says - Bad Request: can't parse entities: Character '.' is reserved and must be escaped with the preceding '\'
[12.02.2025 - 02:50:01] Запуск Telegram-бота с TOKEN=7902542664:AAHoujbcWv6zmcXmM0KgSWTEim1FLBVSf2g
[12.02.2025 - 02:50:03] Команда '/start' от (@Kkleytt) [Фёдор Корниецкий]
[12.02.2025 - 02:50:05] Запрос 'menu' от @Kkleytt [Фёдор Корниецкий]
[12.02.2025 - 02:50:06] Запрос 'about' от @Kkleytt [Фёдор Корниецкий]
[12.02.2025 - 02:50:07] Запрос 'about_mission' от @Kkleytt [Фёдор Корниецкий]
[12.02.2025 - 02:51:20] Запуск Telegram-бота с TOKEN=7902542664:AAHoujbcWv6zmcXmM0KgSWTEim1FLBVSf2g
[12.02.2025 - 02:51:21] Запрос 'about' от @Kkleytt [Фёдор Корниецкий]
[12.02.2025 - 02:51:23] Запрос 'about_mission' от @Kkleytt [Фёдор Корниецкий]
[12.02.2025 - 02:52:11] Запрос 'about' от @Kkleytt [Фёдор Корниецкий]
[12.02.2025 - 02:52:12] Запрос 'about_contacts' от @Kkleytt [Фёдор Корниецкий]
[12.02.2025 - 02:52:48] Запрос 'about' от @Kkleytt [Фёдор Корниецкий]
[12.02.2025 - 02:52:49] Запрос 'menu' от @Kkleytt [Фёдор Корниецкий]
[12.02.2025 - 02:52:51] Запрос 'additionally' от @Kkleytt [Фёдор Корниецкий]
[12.02.2025 - 02:52:53] Запрос 'additionally_weather' от @Kkleytt [Фёдор Корниецкий]
[12.02.2025 - 02:52:55] Запрос 'additionally' от @Kkleytt [Фёдор Корниецкий]
[12.02.2025 - 02:52:56] Запрос 'additionally_maps' от @Kkleytt [Фёдор Корниецкий]
[12.02.2025 - 02:55:17] Запрос 'additionally_double' от @Kkleytt [Фёдор Корниецкий]
[12.02.2025 - 02:55:20] Запрос 'menu' от @Kkleytt [Фёдор Корниецкий]
[12.02.2025 - 02:59:26] Запуск Telegram-бота с TOKEN=7902542664:AAHoujbcWv6zmcXmM0KgSWTEim1FLBVSf2g
[12.02.2025 - 02:59:27] Запрос 'about' от @Kkleytt [Фёдор Корниецкий]
[12.02.2025 - 02:59:29] Запрос 'menu' от @Kkleytt [Фёдор Корниецкий]
[12.02.2025 - 03:00:12] Запуск Telegram-бота с TOKEN=7902542664:AAHoujbcWv6zmcXmM0KgSWTEim1FLBVSf2g
[12.02.2025 - 03:00:24] Запуск Telegram-бота с TOKEN=7902542664:AAHoujbcWv6zmcXmM0KgSWTEim1FLBVSf2g
[12.02.2025 - 03:00:25] Запрос 'about' от @Kkleytt [Фёдор Корниецкий]
[12.02.2025 - 03:01:19] Запуск Telegram-бота с TOKEN=7902542664:AAHoujbcWv6zmcXmM0KgSWTEim1FLBVSf2g
[12.02.2025 - 03:01:25] Запрос 'about' от @Kkleytt [Фёдор Корниецкий]
[12.02.2025 - 03:02:12] Запуск Telegram-бота с TOKEN=7902542664:AAHoujbcWv6zmcXmM0KgSWTEim1FLBVSf2g
[12.02.2025 - 03:02:13] Запрос 'about' от @Kkleytt [Фёдор Корниецкий]
[12.02.2025 - 03:04:08] Запуск Telegram-бота с TOKEN=7902542664:AAHoujbcWv6zmcXmM0KgSWTEim1FLBVSf2g
[12.02.2025 - 03:04:09] Запрос 'about' от @Kkleytt [Фёдор Корниецкий]
[12.02.2025 - 03:05:46] Запуск Telegram-бота с TOKEN=7902542664:AAHoujbcWv6zmcXmM0KgSWTEim1FLBVSf2g
[12.02.2025 - 03:05:48] Запрос 'about' от @Kkleytt [Фёдор Корниецкий]
[12.02.2025 - 03:06:13] Запуск Telegram-бота с TOKEN=7902542664:AAHoujbcWv6zmcXmM0KgSWTEim1FLBVSf2g
[12.02.2025 - 03:06:15] Запрос 'about' от @Kkleytt [Фёдор Корниецкий]
[12.02.2025 - 03:06:35] Запуск Telegram-бота с TOKEN=7902542664:AAHoujbcWv6zmcXmM0KgSWTEim1FLBVSf2g
[12.02.2025 - 03:06:38] Запрос 'about' от @Kkleytt [Фёдор Корниецкий]
[12.02.2025 - 03:07:10] Запуск Telegram-бота с TOKEN=7902542664:AAHoujbcWv6zmcXmM0KgSWTEim1FLBVSf2g
[12.02.2025 - 03:07:11] Запрос 'about' от @Kkleytt [Фёдор Корниецкий]
[12.02.2025 - 03:10:00] Запуск Telegram-бота с TOKEN=7902542664:AAHoujbcWv6zmcXmM0KgSWTEim1FLBVSf2g
[12.02.2025 - 03:10:02] Запрос 'about' от @Kkleytt [Фёдор Корниецкий]
[12.02.2025 - 03:10:02] ❌ Ошибка обращения к БД, у пользователя 685865278 [Kkleytt] не найдено сообщений в БД
[12.02.2025 - 03:16:15] Запуск Telegram-бота с TOKEN=7902542664:AAHoujbcWv6zmcXmM0KgSWTEim1FLBVSf2g
[12.02.2025 - 03:16:17] Запрос 'about' от @Kkleytt [Фёдор Корниецкий]
[12.02.2025 - 03:16:17] ❌ Ошибка обращения к БД, у пользователя 685865278 [Kkleytt] не найдено сообщений в БД
[12.02.2025 - 03:16:24] Запрос 'airtime' от @Kkleytt [Фёдор Корниецкий]
[12.02.2025 - 03:19:46] Запуск Telegram-бота с TOKEN=7902542664:AAHoujbcWv6zmcXmM0KgSWTEim1FLBVSf2g
[12.02.2025 - 03:19:49] Запрос 'menu' от @Kkleytt [Фёдор Корниецкий]
[12.02.2025 - 03:19:49] ❌ Ошибка обращения к БД, у пользователя 685865278 [Kkleytt] не найдено сообщений в БД
[12.02.2025 - 03:19:49] ❌ Ошибка обращения к БД - Bot.send_message() got an unexpected keyword argument 'keyboard'
[12.02.2025 - 03:20:25] Запуск Telegram-бота с TOKEN=7902542664:AAHoujbcWv6zmcXmM0KgSWTEim1FLBVSf2g
[12.02.2025 - 03:20:28] Запрос 'menu' от @Kkleytt [Фёдор Корниецкий]
[12.02.2025 - 03:20:28] ❌ Ошибка обращения к БД, у пользователя 685865278 [Kkleytt] не найдено сообщений в БД
[12.02.2025 - 03:20:32] Запрос 'menu' от @Kkleytt [Фёдор Корниецкий]
[12.02.2025 - 03:20:48] Команда '/start' от (@Kkleytt) [Фёдор Корниецкий]
[12.02.2025 - 03:21:22] Запуск Telegram-бота с TOKEN=7902542664:AAHoujbcWv6zmcXmM0KgSWTEim1FLBVSf2g
[12.02.2025 - 03:21:24] Запрос 'menu' от @Kkleytt [Фёдор Корниецкий]
[12.02.2025 - 03:21:24] ❌ Ошибка обращения к БД, у пользователя 685865278 [Kkleytt] не найдено сообщений в БД
[12.02.2025 - 03:21:25] ❌ Ошибка обращения к БД - Telegram server says - Bad Request: chat not found
[12.02.2025 - 03:21:28] Запрос 'menu' от @Kkleytt [Фёдор Корниецкий]
[12.02.2025 - 03:21:28] ❌ Ошибка обращения к БД, у пользователя 685865278 [Kkleytt] не найдено сообщений в БД
[12.02.2025 - 03:21:28] ❌ Ошибка обращения к БД - Telegram server says - Bad Request: chat not found
[12.02.2025 - 03:21:30] Запрос 'menu' от @Kkleytt [Фёдор Корниецкий]
[12.02.2025 - 03:21:30] ❌ Ошибка обращения к БД, у пользователя 685865278 [Kkleytt] не найдено сообщений в БД
[12.02.2025 - 03:21:30] ❌ Ошибка обращения к БД - Telegram server says - Bad Request: chat not found
[12.02.2025 - 03:23:00] Запуск Telegram-бота с TOKEN=7902542664:AAHoujbcWv6zmcXmM0KgSWTEim1FLBVSf2g
[12.02.2025 - 03:23:06] Команда '/start' от (@Kkleytt) [Фёдор Корниецкий]
[12.02.2025 - 03:23:06] ❌ Ошибка обращения к БД, у пользователя 685865278 [Kkleytt] не найдено сообщений в БД
[12.02.2025 - 03:23:09] Запрос 'menu' от @Kkleytt [Фёдор Корниецкий]
[12.02.2025 - 03:26:57] Запуск Telegram-бота с TOKEN=7902542664:AAHoujbcWv6zmcXmM0KgSWTEim1FLBVSf2g
[12.02.2025 - 03:27:10] Команда '/start' от (@Kkleytt) [Фёдор Корниецкий]
[12.02.2025 - 03:27:10] ❌ Ошибка обращения к БД, у пользователя 685865278 [Kkleytt] не найдено сообщений в БД
[12.02.2025 - 03:27:17] Запрос 'menu' от @Kkleytt [Фёдор Корниецкий]
[12.02.2025 - 03:28:18] Запуск Telegram-бота с TOKEN=7902542664:AAHoujbcWv6zmcXmM0KgSWTEim1FLBVSf2g
[12.02.2025 - 03:28:22] Команда '/start' от (@Kkleytt) [Фёдор Корниецкий]
[12.02.2025 - 03:28:22] ❌ Ошибка обращения к БД, у пользователя 685865278 [Kkleytt] не найдено сообщений в БД
[12.02.2025 - 03:29:42] Запуск Telegram-бота с TOKEN=7902542664:AAHoujbcWv6zmcXmM0KgSWTEim1FLBVSf2g
[12.02.2025 - 03:29:48] Запрос 'menu' от @Kkleytt [Фёдор Корниецкий]
[12.02.2025 - 03:29:50] Запрос 'about' от @Kkleytt [Фёдор Корниецкий]
[12.02.2025 - 03:29:51] Запрос 'about_director' от @Kkleytt [Фёдор Корниецкий]
[12.02.2025 - 03:29:53] Запрос 'about_double' от @Kkleytt [Фёдор Корниецкий]
[12.02.2025 - 03:29:55] Запрос 'menu' от @Kkleytt [Фёдор Корниецкий]
[12.02.2025 - 04:57:18] Запуск Telegram-бота с TOKEN=7902542664:AAHoujbcWv6zmcXmM0KgSWTEim1FLBVSf2g
[12.02.2025 - 04:57:20] Запрос 'about' от @Kkleytt [Фёдор Корниецкий]
[12.02.2025 - 04:57:22] Запрос 'menu' от @Kkleytt [Фёдор Корниецкий]
[12.02.2025 - 04:58:38] Запуск Telegram-бота с TOKEN=7902542664:AAHoujbcWv6zmcXmM0KgSWTEim1FLBVSf2g
[12.02.2025 - 04:58:41] Команда '/start' от (@Kkleytt) [Фёдор Корниецкий]
[12.02.2025 - 04:58:42] ❌ Ошибка обращения к БД, у пользователя 685865278 [Kkleytt] не найдено сообщений в БД
[12.02.2025 - 04:59:40] Запуск Telegram-бота с TOKEN=7902542664:AAHoujbcWv6zmcXmM0KgSWTEim1FLBVSf2g
[12.02.2025 - 04:59:43] Команда '/start' от (@Kkleytt) [Фёдор Корниецкий]
[12.02.2025 - 04:59:44] ❌ Ошибка обращения к БД, у пользователя 685865278 [Kkleytt] не найдено сообщений в БД
[12.02.2025 - 05:03:00] Запуск Telegram-бота с TOKEN=7902542664:AAHoujbcWv6zmcXmM0KgSWTEim1FLBVSf2g
[12.02.2025 - 05:03:04] Команда '/start' от (@Kkleytt) [Фёдор Корниецкий]
[12.02.2025 - 05:03:04] ❌ Ошибка обращения к БД, у пользователя 685865278 [Kkleytt] не найдено сообщений в БД
[12.02.2025 - 05:04:35] Запуск Telegram-бота с TOKEN=7902542664:AAHoujbcWv6zmcXmM0KgSWTEim1FLBVSf2g
[12.02.2025 - 05:04:40] Команда '/start' от (@Kkleytt) [Фёдор Корниецкий]
[12.02.2025 - 05:04:40] ❌ Ошибка обращения к БД, у пользователя 685865278 @Kkleytt не найдено сообщений в БД
[12.02.2025 - 05:04:51] Запрос 'menu' от @Kkleytt [Фёдор Корниецкий]
[12.02.2025 - 05:05:41] Запуск Telegram-бота с TOKEN=7902542664:AAHoujbcWv6zmcXmM0KgSWTEim1FLBVSf2g
[12.02.2025 - 05:05:55] Команда '/info' от (@Kkleytt) [Фёдор Корниецкий]
[12.02.2025 - 05:06:37] Запрос 'menu' от @Kkleytt [Фёдор Корниецкий]
[12.02.2025 - 05:06:39] Запрос 'about' от @Kkleytt [Фёдор Корниецкий]
[12.02.2025 - 05:06:41] Запрос 'menu' от @Kkleytt [Фёдор Корниецкий]
[12.02.2025 - 15:19:18] Запуск Telegram-бота с TOKEN=7902542664:AAHoujbcWv6zmcXmM0KgSWTEim1FLBVSf2g
[12.02.2025 - 15:19:19] Команда '/start' от (@llikht) [•]
[12.02.2025 - 15:19:20] ❌ Ошибка обращения к БД, у пользователя 451439396 @llikht не найдено сообщений в БД
[12.02.2025 - 15:19:50] Запрос 'menu' от @llikht [•]
[12.02.2025 - 15:20:15] Запрос 'about' от @llikht [•]
[12.02.2025 - 15:20:30] Запрос 'about_contacts' от @llikht [•]
[12.02.2025 - 15:20:33] Запрос 'about' от @llikht [•]
[12.02.2025 - 15:20:35] Запрос 'menu' от @llikht [•]
[12.02.2025 - 15:20:36] Запрос 'additionally' от @llikht [•]
[12.02.2025 - 15:20:41] Команда '/info' от (@llikht) [•]
[12.02.2025 - 15:20:43] Команда '/info' от (@Kkleytt) [Фёдор Корниецкий]
[12.02.2025 - 15:21:37] Запрос 'menu' от @Kkleytt [Фёдор Корниецкий]
[12.02.2025 - 15:21:40] Запрос 'menu' от @llikht [•]
[12.02.2025 - 15:21:40] Запрос 'about' от @Kkleytt [Фёдор Корниецкий]
[12.02.2025 - 15:21:42] Запрос 'jumping' от @llikht [•]
[12.02.2025 - 15:21:44] Запрос 'jumping_refusals' от @llikht [•]
[12.02.2025 - 15:21:45] Запрос 'about_trainer_0' от @Kkleytt [Фёдор Корниецкий]
[12.02.2025 - 15:21:46] Запрос 'jumping_double' от @llikht [•]
[12.02.2025 - 15:21:47] Запрос 'about_trainer_1' от @Kkleytt [Фёдор Корниецкий]
[12.02.2025 - 15:21:47] Запрос 'jumping_category' от @llikht [•]
[12.02.2025 - 15:21:48] Запрос 'about_trainer_2' от @Kkleytt [Фёдор Корниецкий]
[12.02.2025 - 15:21:50] Запрос 'about_double' от @Kkleytt [Фёдор Корниецкий]
[12.02.2025 - 15:21:52] Запрос 'about_director' от @Kkleytt [Фёдор Корниецкий]
[12.02.2025 - 15:21:54] Запрос 'jumping' от @llikht [•]
[12.02.2025 - 15:21:54] Запрос 'about_double' от @Kkleytt [Фёдор Корниецкий]
[12.02.2025 - 15:21:56] Запрос 'about_mission' от @Kkleytt [Фёдор Корниецкий]
[12.02.2025 - 15:21:58] Запрос 'jumping_documents' от @llikht [•]
[12.02.2025 - 15:21:59] Запрос 'jumping' от @llikht [•]
[12.02.2025 - 15:22:01] Запрос 'jumping_more' от @llikht [•]
[12.02.2025 - 15:22:03] Запрос 'about' от @Kkleytt [Фёдор Корниецкий]
[12.02.2025 - 15:22:04] Запрос 'jumping_more_watch' от @llikht [•]
[12.02.2025 - 15:22:04] Запрос 'about_contacts' от @Kkleytt [Фёдор Корниецкий]
[12.02.2025 - 15:22:07] Запрос 'about' от @Kkleytt [Фёдор Корниецкий]
[12.02.2025 - 15:22:08] Запрос 'menu' от @Kkleytt [Фёдор Корниецкий]
[12.02.2025 - 15:22:09] Запрос 'jumping' от @Kkleytt [Фёдор Корниецкий]
[12.02.2025 - 15:22:11] Запрос 'jumping_more' от @Kkleytt [Фёдор Корниецкий]
[12.02.2025 - 15:22:13] Запрос 'jumping_more_start' от @Kkleytt [Фёдор Корниецкий]
[12.02.2025 - 15:22:15] Запрос 'jumping_more' от @Kkleytt [Фёдор Корниецкий]
[12.02.2025 - 15:22:17] Запрос 'jumping_more_watch' от @Kkleytt [Фёдор Корниецкий]
[12.02.2025 - 15:22:27] Запрос 'jumping_more_double' от @Kkleytt [Фёдор Корниецкий]
[12.02.2025 - 15:22:32] Запрос 'jumping' от @Kkleytt [Фёдор Корниецкий]
[12.02.2025 - 15:22:34] Запрос 'jumping_more_double' от @llikht [•]
[12.02.2025 - 15:22:37] Запрос 'jumping' от @llikht [•]
[12.02.2025 - 15:22:42] Запрос 'jumping_equipment' от @llikht [•]
[12.02.2025 - 15:22:44] Запрос 'jumping' от @llikht [•]
[12.02.2025 - 15:22:45] Запрос 'menu' от @llikht [•]
[12.02.2025 - 15:22:47] Запрос 'competitions' от @llikht [•]
[12.02.2025 - 15:22:49] Запрос 'competitions_rules' от @llikht [•]
[12.02.2025 - 15:22:50] Запрос 'jumping_aff_0' от @Kkleytt [Фёдор Корниецкий]
[12.02.2025 - 15:22:53] Запрос 'competitions_double' от @llikht [•]
[12.02.2025 - 15:22:53] Запрос 'jumping_double' от @Kkleytt [Фёдор Корниецкий]
[12.02.2025 - 15:22:54] Запрос 'menu' от @Kkleytt [Фёдор Корниецкий]
[12.02.2025 - 15:22:54] Запрос 'competitions_standards' от @llikht [•]
[12.02.2025 - 15:22:56] Запрос 'competitions_double' от @llikht [•]
[12.02.2025 - 15:22:57] Запрос 'menu' от @llikht [•]
[12.02.2025 - 15:22:57] Запрос 'airtime' от @Kkleytt [Фёдор Корниецкий]
[12.02.2025 - 15:22:58] Запрос 'additionally' от @llikht [•]
[12.02.2025 - 15:23:01] Запрос 'additionally_maps' от @llikht [•]
[12.02.2025 - 15:23:03] Запрос 'menu' от @Kkleytt [Фёдор Корниецкий]
[12.02.2025 - 15:23:04] Запрос 'airtime' от @Kkleytt [Фёдор Корниецкий]
[12.02.2025 - 15:23:05] Запрос 'airtime_locations' от @Kkleytt [Фёдор Корниецкий]
[12.02.2025 - 15:23:25] Запрос 'airtime' от @Kkleytt [Фёдор Корниецкий]
[12.02.2025 - 15:23:27] Запрос 'airtime_ga4' от @Kkleytt [Фёдор Корниецкий]
[12.02.2025 - 15:23:30] Запрос 'airtime_double' от @Kkleytt [Фёдор Корниецкий]
[12.02.2025 - 15:23:31] Запрос 'menu' от @Kkleytt [Фёдор Корниецкий]
[12.02.2025 - 15:24:13] Запрос 'additionally_double' от @llikht [•]
[12.02.2025 - 15:24:15] Запрос 'menu' от @llikht [•]
[12.02.2025 - 15:24:17] Запрос 'airtime' от @llikht [•]
[12.02.2025 - 15:24:20] Запрос 'airtime_locations' от @llikht [•]
[12.02.2025 - 15:24:22] Запрос 'airtime' от @llikht [•]
[12.02.2025 - 15:24:24] Запрос 'airtime_buy' от @llikht [•]
[12.02.2025 - 15:24:25] Запрос 'airtime' от @llikht [•]
[12.02.2025 - 15:24:26] Запрос 'airtime_equipment' от @llikht [•]
[12.02.2025 - 15:24:29] Запрос 'airtime_double' от @llikht [•]
[12.02.2025 - 15:24:32] Запрос 'airtime_apps' от @llikht [•]
[12.02.2025 - 15:24:33] Запрос 'airtime' от @llikht [•]
[12.02.2025 - 15:24:35] Запрос 'menu' от @llikht [•]
[12.02.2025 - 15:24:37] Запрос 'jumping' от @llikht [•]
[12.02.2025 - 15:24:38] Запрос 'menu' от @llikht [•]
[12.02.2025 - 15:24:39] Запрос 'additionally' от @llikht [•]
[12.02.2025 - 15:24:41] Запрос 'menu' от @llikht [•]
[12.02.2025 - 15:24:43] Запрос 'about' от @llikht [•]
[12.02.2025 - 15:24:55] Команда '/info' от (@llikht) [•]
[12.02.2025 - 15:25:19] Запрос 'about' от @llikht [•]
[12.02.2025 - 15:25:20] Запрос 'menu' от @llikht [•]
[12.02.2025 - 15:38:59] Запрос 'jumping' от @Kkleytt [Фёдор Корниецкий]
[12.02.2025 - 15:39:02] Запрос 'jumping_more' от @Kkleytt [Фёдор Корниецкий]
[12.02.2025 - 15:39:04] Запрос 'jumping_more_start' от @Kkleytt [Фёдор Корниецкий]
[12.02.2025 - 15:42:39] Запуск Telegram-бота с TOKEN=7902542664:AAHoujbcWv6zmcXmM0KgSWTEim1FLBVSf2g
[12.02.2025 - 15:46:30] Запрос 'about' от @llikht [•]
[12.02.2025 - 15:46:33] Запрос 'about_director' от @llikht [•]
[12.02.2025 - 15:46:36] Запрос 'about_double' от @llikht [•]
[12.02.2025 - 15:46:37] Запрос 'about_trainer_0' от @llikht [•]
[12.02.2025 - 15:47:17] Запрос 'about_trainer_1' от @llikht [•]
[12.02.2025 - 15:47:19] Запрос 'about_trainer_2' от @llikht [•]
[12.02.2025 - 15:47:21] Запрос 'about_double' от @llikht [•]
[12.02.2025 - 15:47:23] Запрос 'menu' от @llikht [•]
[12.02.2025 - 15:47:26] Запрос 'airtime' от @llikht [•]
[12.02.2025 - 15:47:27] Запрос 'airtime_divepool' от @llikht [•]
[12.02.2025 - 15:47:29] Запрос 'airtime_divepool_two' от @llikht [•]
[12.02.2025 - 15:47:30] Запрос 'airtime_divepool_double' от @llikht [•]
[12.02.2025 - 15:47:32] Запрос 'airtime_divepool_four_0' от @llikht [•]
[12.02.2025 - 15:47:33] Запрос 'airtime_divepool_four_1' от @llikht [•]
[12.02.2025 - 15:47:34] Запрос 'airtime_divepool_four_2' от @llikht [•]
[12.02.2025 - 15:47:35] Запрос 'airtime_divepool_four_3' от @llikht [•]
[12.02.2025 - 15:47:36] Запрос 'airtime_divepool_double' от @llikht [•]
[12.02.2025 - 15:47:38] Запрос 'airtime_divepool_eight' от @llikht [•]
[12.02.2025 - 15:47:44] Запрос 'airtime_divepool_double' от @llikht [•]
[12.02.2025 - 15:47:45] Запрос 'airtime' от @llikht [•]
[12.02.2025 - 15:47:48] Запрос 'menu' от @llikht [•]
[12.02.2025 - 15:47:55] Команда '/info' от (@llikht) [•]
[12.02.2025 - 15:48:12] Запрос 'about' от @llikht [•]
[12.02.2025 - 15:48:14] Запрос 'menu' от @llikht [•]
[12.02.2025 - 15:48:16] Запрос 'airtime' от @llikht [•]
[12.02.2025 - 15:48:18] Запрос 'airtime_ga4' от @llikht [•]
[12.02.2025 - 15:48:21] Запрос 'airtime_double' от @llikht [•]
[12.02.2025 - 15:48:22] Запрос 'airtime_test' от @llikht [•]
[12.02.2025 - 15:48:24] Запрос 'airtime' от @llikht [•]
[12.02.2025 - 15:48:25] Запрос 'airtime_first' от @llikht [•]
[12.02.2025 - 15:48:26] Запрос 'airtime' от @llikht [•]
[12.02.2025 - 15:48:57] Запрос 'airtime_test' от @llikht [•]
[12.02.2025 - 15:48:59] Запрос 'airtime' от @llikht [•]
[12.02.2025 - 15:49:00] Запрос 'airtime_first' от @llikht [•]
[12.02.2025 - 15:49:01] Запрос 'airtime' от @llikht [•]
[12.02.2025 - 15:49:02] Запрос 'airtime_apps' от @llikht [•]
[12.02.2025 - 15:49:04] Запрос 'airtime' от @llikht [•]
[12.02.2025 - 15:49:05] Запрос 'airtime_equipment' от @llikht [•]
[12.02.2025 - 15:49:10] Запрос 'airtime_double' от @llikht [•]
[12.02.2025 - 15:49:12] Запрос 'airtime_buy' от @llikht [•]
[12.02.2025 - 15:49:14] Запрос 'airtime' от @llikht [•]
[12.02.2025 - 15:49:15] Запрос 'airtime_locations' от @llikht [•]
[12.02.2025 - 15:49:16] Запрос 'airtime' от @llikht [•]
[12.02.2025 - 15:49:17] Запрос 'menu' от @llikht [•]
[12.02.2025 - 15:49:21] Запрос 'competitions' от @llikht [•]
[12.02.2025 - 15:49:22] Запрос 'menu' от @llikht [•]
[12.02.2025 - 15:49:23] Запрос 'additionally' от @llikht [•]
[12.02.2025 - 15:49:25] Запрос 'menu' от @llikht [•]
[12.02.2025 - 15:49:27] Запрос 'additionally' от @llikht [•]
[12.02.2025 - 15:49:27] Запрос 'menu' от @llikht [•]
[12.02.2025 - 15:49:28] Запрос 'competitions' от @llikht [•]
[12.02.2025 - 15:49:29] Запрос 'menu' от @llikht [•]
[12.02.2025 - 15:49:30] Запрос 'jumping' от @llikht [•]
[12.02.2025 - 15:49:33] Запрос 'jumping_documents' от @llikht [•]
[12.02.2025 - 15:49:34] Запрос 'jumping' от @llikht [•]
[12.02.2025 - 15:49:37] Запрос 'jumping_more' от @llikht [•]
[12.02.2025 - 15:49:40] Запрос 'jumping_more_maps' от @llikht [•]
[12.02.2025 - 15:49:42] Запрос 'jumping_more' от @llikht [•]
[12.02.2025 - 15:49:44] Запрос 'jumping' от @llikht [•]
[12.02.2025 - 15:49:54] Запрос 'jumping_piloting' от @llikht [•]
[12.02.2025 - 15:49:56] Запрос 'jumping_double' от @llikht [•]
[12.02.2025 - 16:17:30] Запуск Telegram-бота с TOKEN=7902542664:AAHoujbcWv6zmcXmM0KgSWTEim1FLBVSf2g
[12.02.2025 - 16:29:56] Запуск Telegram-бота с TOKEN=7902542664:AAHoujbcWv6zmcXmM0KgSWTEim1FLBVSf2g
[12.02.2025 - 17:12:46] Запрос 'menu' от @llikht [•]
[12.02.2025 - 17:13:05] ❌ Ошибка обращения к БД - (2013, 'Lost connection to MySQL server during query ([WinError 10060] Попытка установить соединение была безуспешной, т.к. от другого компьютера за требуемое время не получен нужный отклик, или было разорвано уже установленное соединение из-за неверного отклика уже подключенного компьютера)')
[12.02.2025 - 17:13:05] Запрос 'menu' от @llikht [•]
[12.02.2025 - 17:13:05] ❌ Ошибка обращения к БД - (0, '')
[12.02.2025 - 17:13:05] Команда '/start' от (@llikht) [•]
[12.02.2025 - 17:13:05] Запрос 'menu' от @llikht [•]
[12.02.2025 - 17:13:05] ❌ Ошибка обращения к БД - (0, '')
[12.02.2025 - 17:13:05] Запрос 'menu' от @llikht [•]
[12.02.2025 - 17:13:05] ❌ Ошибка обращения к БД - (0, '')
[12.02.2025 - 17:13:05] Запрос 'menu' от @llikht [•]
[12.02.2025 - 17:13:05] ❌ Ошибка обращения к БД - (0, '')
[12.02.2025 - 17:13:05] Запрос 'menu' от @llikht [•]
[12.02.2025 - 17:13:05] ❌ Ошибка обращения к БД - (0, '')
[12.02.2025 - 17:13:05] ❌ Ошибка обращения к БД - (0, '')
[12.02.2025 - 17:13:11] Запрос 'menu' от @llikht [•]
[12.02.2025 - 17:13:11] ❌ Ошибка обращения к БД - (0, '')
[12.02.2025 - 17:14:33] Запрос 'menu' от @llikht [•]
[12.02.2025 - 17:14:33] ❌ Ошибка обращения к БД - (0, '')
[12.02.2025 - 17:14:40] Команда '/start' от (@llikht) [•]
[12.02.2025 - 17:14:40] ❌ Ошибка обращения к БД - (0, '')
[12.02.2025 - 17:16:43] Запуск Telegram-бота с TOKEN=7902542664:AAHoujbcWv6zmcXmM0KgSWTEim1FLBVSf2g
[12.02.2025 - 17:16:45] Запрос 'jumping_more' от @Kkleytt [Фёдор Корниецкий]
[12.02.2025 - 17:16:47] Запрос 'jumping' от @Kkleytt [Фёдор Корниецкий]
[12.02.2025 - 17:16:57] Команда '/start' от (@llikht) [•]
[12.02.2025 - 17:16:59] Запрос 'menu' от @llikht [•]
[12.02.2025 - 17:17:01] Запрос 'additionally' от @llikht [•]
[12.02.2025 - 17:17:02] Запрос 'menu' от @llikht [•]
[12.02.2025 - 17:17:04] Запрос 'jumping' от @llikht [•]
[12.02.2025 - 17:17:07] Запрос 'menu' от @llikht [•]
[12.02.2025 - 17:17:08] Запрос 'about' от @llikht [•]
[12.02.2025 - 17:17:10] Запрос 'menu' от @llikht [•]
[12.02.2025 - 17:17:12] Запрос 'jumping' от @llikht [•]
[12.02.2025 - 17:17:13] Запрос 'jumping_category' от @llikht [•]
[12.02.2025 - 17:17:20] Запрос 'jumping' от @llikht [•]
[12.02.2025 - 17:17:24] Запрос 'menu' от @llikht [•]
[12.02.2025 - 17:18:19] Запрос 'additionally' от @llikht [•]
[12.02.2025 - 17:18:23] Запрос 'menu' от @llikht [•]
[12.02.2025 - 17:18:25] Запрос 'competitions' от @llikht [•]
[12.02.2025 - 17:18:26] Запрос 'menu' от @llikht [•]
[12.02.2025 - 17:18:27] Запрос 'airtime' от @llikht [•]
[12.02.2025 - 17:18:32] Запрос 'airtime_ga4' от @llikht [•]
[12.02.2025 - 17:19:25] Запрос 'airtime_double' от @llikht [•]
[12.02.2025 - 17:19:33] Запрос 'menu' от @llikht [•]
[12.02.2025 - 17:22:19] Команда '/info' от (@llikht) [•]
[12.02.2025 - 17:22:26] Запрос 'menu' от @llikht [•]
[12.02.2025 - 17:36:02] Запуск Telegram-бота с TOKEN=7902542664:AAHoujbcWv6zmcXmM0KgSWTEim1FLBVSf2g
[12.02.2025 - 17:36:10] Запрос 'menu' от @Kkleytt [Фёдор Корниецкий]
[12.02.2025 - 17:36:12] Запрос 'airtime' от @Kkleytt [Фёдор Корниецкий]
[12.02.2025 - 17:36:33] Запрос 'menu' от @Kkleytt [Фёдор Корниецкий]
[12.02.2025 - 17:36:35] Запрос 'jumping' от @Kkleytt [Фёдор Корниецкий]
[12.02.2025 - 17:36:35] Запрос 'menu' от @Kkleytt [Фёдор Корниецкий]
[12.02.2025 - 17:36:37] Запрос 'additionally' от @Kkleytt [Фёдор Корниецкий]
[12.02.2025 - 17:36:38] Запрос 'menu' от @Kkleytt [Фёдор Корниецкий]
[12.02.2025 - 17:36:39] Запрос 'about' от @Kkleytt [Фёдор Корниецкий]
[12.02.2025 - 17:36:40] Запрос 'about_director' от @Kkleytt [Фёдор Корниецкий]
[12.02.2025 - 17:36:41] Запрос 'about_double' от @Kkleytt [Фёдор Корниецкий]
[12.02.2025 - 17:36:43] Запрос 'menu' от @Kkleytt [Фёдор Корниецкий]
[12.02.2025 - 17:38:21] Запуск Telegram-бота с TOKEN='7902542664:AAHoujbcWv6zmcXmM0KgSWTEim1FLBVSf2g' на БД - 'ADMIN'
[12.02.2025 - 17:38:41] Запуск Telegram-бота с TOKEN='7902542664:AAHoujbcWv6zmcXmM0KgSWTEim1FLBVSf2g' на правах - 'ADMIN'
[12.02.2025 - 19:52:29] Запуск Telegram-бота с TOKEN='7902542664:AAHoujbcWv6zmcXmM0KgSWTEim1FLBVSf2g' на правах - 'ADMIN'
[12.02.2025 - 19:54:18] Запуск Telegram-бота с TOKEN='7902542664:AAHoujbcWv6zmcXmM0KgSWTEim1FLBVSf2g' на правах - 'ADMIN'
[12.02.2025 - 19:55:12] Запуск Telegram-бота с TOKEN='7902542664:AAHoujbcWv6zmcXmM0KgSWTEim1FLBVSf2g' на правах - 'ADMIN'
[12.02.2025 - 19:57:15] Запуск Telegram-бота с TOKEN='7902542664:AAHoujbcWv6zmcXmM0KgSWTEim1FLBVSf2g' на правах - 'ADMIN'
[12.02.2025 - 19:57:28] Бот прекратил свою работу
[12.02.2025 - 19:57:48] Запуск Telegram-бота с TOKEN='7902542664:AAHoujbcWv6zmcXmM0KgSWTEim1FLBVSf2g' на правах - 'ADMIN'
[12.02.2025 - 19:57:48] Запуск Telegram-бота
[12.02.2025 - 19:57:48] Бот прекратил свою работу
[12.02.2025 - 20:03:00] Запуск Telegram-бота с TOKEN='7902542664:AAHoujbcWv6zmcXmM0KgSWTEim1FLBVSf2g' на правах - 'ADMIN'
[12.02.2025 - 20:04:06] ❌ Бот прекратил свою работу
[12.02.2025 - 20:04:12] Запуск Telegram-бота с TOKEN='7902542664:AAHoujbcWv6zmcXmM0KgSWTEim1FLBVSf2g' на правах - 'ADMIN'
[12.02.2025 - 20:06:01] ❌ Бот прекратил свою работу
[12.02.2025 - 20:06:08] Запуск Telegram-бота с TOKEN='7902542664:AAHoujbcWv6zmcXmM0KgSWTEim1FLBVSf2g' на правах - 'ADMIN'
[12.02.2025 - 20:07:14] ❌ Бот прекратил свою работу
[12.02.2025 - 20:07:21] Запуск Telegram-бота с TOKEN='7902542664:AAHoujbcWv6zmcXmM0KgSWTEim1FLBVSf2g' на правах - 'ADMIN'
[12.02.2025 - 20:07:26] ⚠️ Потеря соединения с сервером БД!
[12.02.2025 - 20:07:58] ❌ Бот прекратил свою работу
[12.02.2025 - 20:08:04] Запуск Telegram-бота с TOKEN='7902542664:AAHoujbcWv6zmcXmM0KgSWTEim1FLBVSf2g' на правах - 'ADMIN'
[12.02.2025 - 20:08:14] ⚠️ Потеря соединения с сервером БД!
[12.02.2025 - 20:09:12] ❌ Бот прекратил свою работу
[12.02.2025 - 20:09:24] Запуск Telegram-бота с TOKEN='7902542664:AAHoujbcWv6zmcXmM0KgSWTEim1FLBVSf2g' на правах - 'ADMIN'
[12.02.2025 - 20:09:29] ⚠️ Потеря соединения с сервером БД!
[12.02.2025 - 20:17:22] ❌ Бот прекратил свою работу
[12.02.2025 - 20:17:28] Запуск Telegram-бота с TOKEN='7902542664:AAHoujbcWv6zmcXmM0KgSWTEim1FLBVSf2g' на правах - 'ADMIN'
[12.02.2025 - 20:17:37] ❌ Бот прекратил свою работу
[12.02.2025 - 20:19:14] Запуск Telegram-бота с TOKEN='7902542664:AAHoujbcWv6zmcXmM0KgSWTEim1FLBVSf2g' на правах - 'ADMIN'
[12.02.2025 - 20:19:18] ❌ Бот прекратил свою работу
[12.02.2025 - 20:19:31] Запуск Telegram-бота с TOKEN='7902542664:AAHoujbcWv6zmcXmM0KgSWTEim1FLBVSf2g' на правах - 'ADMIN'
[12.02.2025 - 20:19:36] ⚠️ Потеря соединения с сервером БД!
[12.02.2025 - 20:19:48] ❌ Бот прекратил свою работу
[12.02.2025 - 20:19:54] Запуск Telegram-бота с TOKEN='7902542664:AAHoujbcWv6zmcXmM0KgSWTEim1FLBVSf2g' на правах - 'ADMIN'
[12.02.2025 - 20:19:59] ⚠️ Потеря соединения с сервером БД\!
[12.02.2025 - 20:21:09] ❌ Бот прекратил свою работу
[12.02.2025 - 20:21:16] Запуск Telegram-бота с TOKEN='7902542664:AAHoujbcWv6zmcXmM0KgSWTEim1FLBVSf2g' на правах - 'ADMIN'
[12.02.2025 - 20:21:21] ⚠️ Потеря соединения с сервером БД\
[12.02.2025 - 20:22:00] ❌ Бот прекратил свою работу
[12.02.2025 - 20:22:06] Запуск Telegram-бота с TOKEN='7902542664:AAHoujbcWv6zmcXmM0KgSWTEim1FLBVSf2g' на правах - 'ADMIN'
[12.02.2025 - 20:22:06] ✅ Сервер MySQL доступен по адресу: 46.160.250.162:3306!
[12.02.2025 - 20:29:18] ❌ Бот прекратил свою работу
[12.02.2025 - 20:29:24] Запуск Telegram-бота с TOKEN='7902542664:AAHoujbcWv6zmcXmM0KgSWTEim1FLBVSf2g' на правах - 'ADMIN'
[12.02.2025 - 20:29:24] ✅ Сервер MySQL доступен по адресу: 46.160.250.162:3306
[12.02.2025 - 20:29:44] ✅ Сервер MySQL доступен по адресу: 46.160.250.162:3306
[12.02.2025 - 20:29:52] ❌ Бот прекратил свою работу
[12.02.2025 - 20:31:06] Запуск Telegram-бота с TOKEN='7902542664:AAHoujbcWv6zmcXmM0KgSWTEim1FLBVSf2g' на правах - 'ADMIN'
[12.02.2025 - 20:31:36] ❌ Бот прекратил свою работу
[12.02.2025 - 20:31:42] Запуск Telegram-бота с TOKEN='7902542664:AAHoujbcWv6zmcXmM0KgSWTEim1FLBVSf2g' на правах - 'ADMIN'
[12.02.2025 - 20:31:47] ⚠️ Производится ping БД
[12.02.2025 - 20:31:47] ✅ Сервер MySQL доступен по адресу: 46.160.250.162:3306
[12.02.2025 - 20:31:52] ❌ Бот прекратил свою работу
[12.02.2025 - 20:34:48] Запуск Telegram-бота с TOKEN='7902542664:AAHoujbcWv6zmcXmM0KgSWTEim1FLBVSf2g' на правах - 'ADMIN'
[12.02.2025 - 20:42:06] ❌ Бот прекратил свою работу
[12.02.2025 - 20:42:13] Запуск Telegram-бота с TOKEN='7902542664:AAHoujbcWv6zmcXmM0KgSWTEim1FLBVSf2g' на правах - 'ADMIN'
[12.02.2025 - 20:42:16] Команда '/start' от (@Kkleytt) [Фёдор Корниецкий]
[12.02.2025 - 20:42:21] Запрос 'menu' от @Kkleytt [Фёдор Корниецкий]
[12.02.2025 - 20:45:00] ❌ Бот прекратил свою работу
[12.02.2025 - 20:45:33] Запуск Telegram-бота с TOKEN='7902542664:AAHoujbcWv6zmcXmM0KgSWTEim1FLBVSf2g' на правах - 'ADMIN'
[12.02.2025 - 20:45:38] ❌ Бот прекратил свою работу
[12.02.2025 - 20:45:53] Запуск Telegram-бота с TOKEN='7902542664:AAHoujbcWv6zmcXmM0KgSWTEim1FLBVSf2g' на правах - 'ADMIN'
[12.02.2025 - 20:45:55] ❌ Бот прекратил свою работу
[12.02.2025 - 20:46:12] Запуск Telegram-бота с TOKEN='7902542664:AAHoujbcWv6zmcXmM0KgSWTEim1FLBVSf2g' на правах - 'ADMIN'
[12.02.2025 - 20:46:15] ❌ Бот прекратил свою работу
[12.02.2025 - 20:46:30] Запуск Telegram-бота с TOKEN='7902542664:AAHoujbcWv6zmcXmM0KgSWTEim1FLBVSf2g' на правах - 'ADMIN'
[12.02.2025 - 20:46:42] ❌ Бот прекратил свою работу
[12.02.2025 - 21:00:44] Запуск Telegram-бота с TOKEN='7902542664:AAHoujbcWv6zmcXmM0KgSWTEim1FLBVSf2g' на правах - 'ADMIN'
[12.02.2025 - 21:00:50] ❌ Бот прекратил свою работу
[12.02.2025 - 21:01:46] Запуск Telegram-бота с TOKEN='7902542664:AAHoujbcWv6zmcXmM0KgSWTEim1FLBVSf2g' на правах - 'ADMIN'
[12.02.2025 - 21:01:52] ❌ Бот прекратил свою работу
[12.02.2025 - 21:05:12] Запуск Telegram-бота с TOKEN='7902542664:AAHoujbcWv6zmcXmM0KgSWTEim1FLBVSf2g' на правах - 'ADMIN'
[12.02.2025 - 21:10:56] ❌ Бот прекратил свою работу
[12.02.2025 - 21:13:41] Запуск Telegram-бота с TOKEN='7902542664:AAHoujbcWv6zmcXmM0KgSWTEim1FLBVSf2g' на правах - 'ADMIN'
[12.02.2025 - 21:13:46] ❌ Бот прекратил свою работу
[12.02.2025 - 21:13:56] Запуск Telegram-бота с TOKEN='7902542664:AAHoujbcWv6zmcXmM0KgSWTEim1FLBVSf2g' на правах - 'ADMIN'
[12.02.2025 - 21:14:26] ♻️ Выполняется переподключение к БД...
[12.02.2025 - 21:14:34] ❌ Бот прекратил свою работу
[12.02.2025 - 21:25:55] Запуск Telegram-бота с TOKEN='7902542664:AAHoujbcWv6zmcXmM0KgSWTEim1FLBVSf2g' на правах - 'ADMIN'
[12.02.2025 - 21:26:25] ♻️ Выполняется переподключение к БД...
[12.02.2025 - 21:26:25] ✅ Успешное подключение к БД по адресу: 46.160.250.162:3306
[12.02.2025 - 21:26:47] ❌ Бот прекратил свою работу
[12.02.2025 - 21:28:08] Запуск Telegram-бота с TOKEN='7902542664:AAHoujbcWv6zmcXmM0KgSWTEim1FLBVSf2g' на правах - 'ADMIN'
[12.02.2025 - 21:28:38] ♻️ Выполняется переподключение к БД...
[12.02.2025 - 21:28:38] ✅ Успешное подключение к БД по адресу: 46.160.250.162:3306
[12.02.2025 - 21:29:08] ♻️ Выполняется переподключение к БД...
[12.02.2025 - 21:29:08] ✅ Успешное подключение к БД по адресу: 46.160.250.162:3306
[12.02.2025 - 21:29:19] ❌ Бот прекратил свою работу
[12.02.2025 - 21:30:59] Запуск Telegram-бота с TOKEN='7902542664:AAHoujbcWv6zmcXmM0KgSWTEim1FLBVSf2g' на правах - 'ADMIN'
[12.02.2025 - 21:31:24] ❌ Бот прекратил свою работу
[12.02.2025 - 21:31:32] Запуск Telegram-бота с TOKEN='7902542664:AAHoujbcWv6zmcXmM0KgSWTEim1FLBVSf2g' на правах - 'ADMIN'
[12.02.2025 - 21:31:56] ❌ Бот прекратил свою работу
[12.02.2025 - 21:32:09] Запуск Telegram-бота с TOKEN='7902542664:AAHoujbcWv6zmcXmM0KgSWTEim1FLBVSf2g' на правах - 'ADMIN'
[12.02.2025 - 21:32:24] ♻️ Выполняется переподключение к БД...
[12.02.2025 - 21:32:24] ✅ Успешное подключение к БД по адресу: 46.160.250.162:3306
[12.02.2025 - 21:32:32] ❌ Бот прекратил свою работу
[12.02.2025 - 21:36:57] Запуск Telegram-бота с TOKEN='7902542664:AAHoujbcWv6zmcXmM0KgSWTEim1FLBVSf2g' на правах - 'ADMIN'
[12.02.2025 - 21:38:22] ❌ Бот прекратил свою работу
[12.02.2025 - 21:40:05] Запуск Telegram-бота с TOKEN='7902542664:AAHoujbcWv6zmcXmM0KgSWTEim1FLBVSf2g' на правах - 'ADMIN'
[12.02.2025 - 21:40:21] Команда '/start' от (@Kkleytt) [Фёдор Корниецкий]
[12.02.2025 - 21:40:33] Команда '/info' от (@Kkleytt) [Фёдор Корниецкий]
[12.02.2025 - 21:40:42] Запрос 'menu' от @Kkleytt [Фёдор Корниецкий]
[12.02.2025 - 22:05:22] ⚠️ Производится ping БД
[12.02.2025 - 22:05:22] ✅ Сервер MySQL доступен по адресу: 46.160.250.162:3306
[12.02.2025 - 22:05:35] Запрос 'about' от @Kkleytt [Фёдор Корниецкий]
[12.02.2025 - 22:05:37] Запрос 'menu' от @Kkleytt [Фёдор Корниецкий]
[12.02.2025 - 22:20:22] ⚠️ Производится ping БД
[12.02.2025 - 22:20:22] ✅ Сервер MySQL доступен по адресу: 46.160.250.162:3306
[12.02.2025 - 22:35:22] ⚠️ Производится ping БД
[12.02.2025 - 22:35:22] ✅ Сервер MySQL доступен по адресу: 46.160.250.162:3306
[12.02.2025 - 22:41:00] Запрос 'about' от @Kkleytt [Фёдор Корниецкий]
[12.02.2025 - 22:41:00] ❌ Ошибка обращения к БД - (2006, "MySQL server has gone away (ConnectionResetError(10054, 'Удаленный хост принудительно разорвал существующее подключение', None, 10054, None))")
[12.02.2025 - 22:44:27] ❌ Бот прекратил свою работу
[12.02.2025 - 23:14:07] Запуск Telegram-бота с TOKEN='7902542664:AAHoujbcWv6zmcXmM0KgSWTEim1FLBVSf2g' на правах - 'ADMIN'
[12.02.2025 - 23:14:10] Команда '/start' от (@Kkleytt) [Фёдор Корниецкий]
[12.02.2025 - 23:14:12] Запрос 'menu' от @Kkleytt [Фёдор Корниецкий]
[12.02.2025 - 23:14:15] Команда '/info' от (@Kkleytt) [Фёдор Корниецкий]
